[I 2026-02-17 03:31:32,428] Trial 36 finished with value: 37.50395391359207 and parameters: {'iterations': 524, 'learning_rate': 0.01638626545296896, 'depth': 6, 'l2_leaf_reg': 3.751436840345773, 'subsample': 0.8162566932146218}. Best is trial 32 with value: 37.1649581141557.
[I 2026-02-17 03:32:33,346] Trial 37 finished with value: 38.18351762010614 and parameters: {'iterations': 940, 'learning_rate': 0.01808075238948604, 'depth': 5, 'l2_leaf_reg': 6.2425577027556, 'subsample': 0.7518983257156052}. Best is trial 32 with value: 37.1649581141557.
[I 2026-02-17 03:33:24,136] Trial 38 finished with value: 38.57133636484061 and parameters: {'iterations': 1248, 'learning_rate': 0.01992192711009007, 'depth': 4, 'l2_leaf_reg': 9.318496725640635, 'subsample': 0.7255126810527899}. Best is trial 32 with value: 37.1649581141557.
[I 2026-02-17 03:34:11,499] Trial 39 finished with value: 39.743429782547096 and parameters: {'iterations': 735, 'learning_rate': 0.04324272584374028, 'depth': 5, 'l2_leaf_reg': 7.6356021651975565, 'subsample': 0.8380912955795085}. Best is trial 32 with value: 37.1649581141557.
[fold 11/13] CatBoost tuning complete: 40 trials, best=37.1650 elapsed=46.4min
[fold 11/13] completed in 46.5min

[fold 12/13] n_train=3,000 n_test=200
[fold 12] Running sanity gates...
[fold 12] target_scale_gate: Target scales OK: total_mean=226.9, margin_std=15.9
[fold 12] feature_name_gate: All feature names OK
[fold 12] constant_feature_gate: No constant features found
[fold 12] duplicate_feature_gate: No duplicate features found
[fold 12] leakage_gate: No leakage features detected
[fold 12] Diagnostics:
  - Zero-variance features: 0
  - Near-duplicate pairs: 8
  - Condition number: 1.873508283576408e+16
[fold 12/13] tuning CatBoost...
[I 2026-02-17 03:34:17,326] A new study created in memory with name: no-name-b9b3b2b9-9c25-4f54-8a32-79ea496ea0a5
[I 2026-02-17 03:37:03,089] Trial 0 finished with value: 40.231448881075764 and parameters: {'iterations': 2586, 'learning_rate': 0.029479003091255493, 'depth': 5, 'l2_leaf_reg': 3.7590261342002242, 'subsample': 0.7671702768269675}. Best is trial 0 with value: 40.231448881075764.
[I 2026-02-17 03:38:17,966] Trial 1 finished with value: 39.974670814610164 and parameters: {'iterations': 1747, 'learning_rate': 0.04062099515998997, 'depth': 4, 'l2_leaf_reg': 4.712824423530388, 'subsample': 0.7195570045691444}. Best is trial 1 with value: 39.974670814610164.
[I 2026-02-17 03:38:46,328] Trial 2 finished with value: 37.28602224865394 and parameters: {'iterations': 663, 'learning_rate': 0.02051293905916692, 'depth': 4, 'l2_leaf_reg': 4.0536833744182434, 'subsample': 0.7243232384176423}. Best is trial 2 with value: 37.28602224865394.
[I 2026-02-17 03:40:00,961] Trial 3 finished with value: 40.37864335302542 and parameters: {'iterations': 1803, 'learning_rate': 0.04419489287492287, 'depth': 4, 'l2_leaf_reg': 4.148567687885951, 'subsample': 0.7804706677557502}. Best is trial 2 with value: 37.28602224865394.
[I 2026-02-17 03:42:00,125] Trial 4 finished with value: 39.349969495069324 and parameters: {'iterations': 1833, 'learning_rate': 0.029669616149214637, 'depth': 5, 'l2_leaf_reg': 5.940447352333967, 'subsample': 0.6756455748046428}. Best is trial 2 with value: 37.28602224865394.
[I 2026-02-17 03:43:24,201] Trial 5 finished with value: 37.768834157557286 and parameters: {'iterations': 811, 'learning_rate': 0.025514019787031647, 'depth': 6, 'l2_leaf_reg': 9.97745720850062, 'subsample': 0.6957858947115714}. Best is trial 2 with value: 37.28602224865394.
[I 2026-02-17 03:45:05,061] Trial 6 finished with value: 38.67922392564175 and parameters: {'iterations': 1559, 'learning_rate': 0.026432472279673474, 'depth': 5, 'l2_leaf_reg': 11.3720802415462, 'subsample': 0.8151792140943555}. Best is trial 2 with value: 37.28602224865394.
[I 2026-02-17 03:46:35,834] Trial 7 finished with value: 38.73942736636923 and parameters: {'iterations': 2203, 'learning_rate': 0.021636678488548573, 'depth': 4, 'l2_leaf_reg': 10.802843681958842, 'subsample': 0.8054359866206281}. Best is trial 2 with value: 37.28602224865394.
[I 2026-02-17 03:47:16,489] Trial 8 finished with value: 38.17252611277944 and parameters: {'iterations': 963, 'learning_rate': 0.035310160787222655, 'depth': 4, 'l2_leaf_reg': 9.450401295613151, 'subsample': 0.6965590840328546}. Best is trial 2 with value: 37.28602224865394.
[I 2026-02-17 03:48:14,335] Trial 9 finished with value: 37.3128697400204 and parameters: {'iterations': 896, 'learning_rate': 0.015520918352275793, 'depth': 5, 'l2_leaf_reg': 7.341732146640782, 'subsample': 0.7197770235838392}. Best is trial 2 with value: 37.28602224865394.
[I 2026-02-17 03:48:55,728] Trial 10 finished with value: 37.160090498484045 and parameters: {'iterations': 382, 'learning_rate': 0.016227362765579668, 'depth': 6, 'l2_leaf_reg': 2.3606013930848726, 'subsample': 0.8449679419622537}. Best is trial 10 with value: 37.160090498484045.
[I 2026-02-17 03:49:32,212] Trial 11 finished with value: 37.12009536391766 and parameters: {'iterations': 333, 'learning_rate': 0.01728467494231272, 'depth': 6, 'l2_leaf_reg': 2.3228363364512163, 'subsample': 0.6517758697518826}. Best is trial 11 with value: 37.12009536391766.
[I 2026-02-17 03:50:10,018] Trial 12 finished with value: 37.16947232352119 and parameters: {'iterations': 338, 'learning_rate': 0.016153430709234758, 'depth': 6, 'l2_leaf_reg': 2.035671738012639, 'subsample': 0.8408176484822758}. Best is trial 11 with value: 37.12009536391766.
[I 2026-02-17 03:50:52,752] Trial 13 finished with value: 37.28052138603046 and parameters: {'iterations': 400, 'learning_rate': 0.019743776044822754, 'depth': 6, 'l2_leaf_reg': 2.0363710975366316, 'subsample': 0.6518993108318866}. Best is trial 11 with value: 37.12009536391766.
[I 2026-02-17 03:53:09,230] Trial 14 finished with value: 38.5439491903075 and parameters: {'iterations': 1313, 'learning_rate': 0.017817950822437728, 'depth': 6, 'l2_leaf_reg': 2.81653873678094, 'subsample': 0.8449010715286625}. Best is trial 11 with value: 37.12009536391766.
[I 2026-02-17 03:58:11,498] Trial 15 finished with value: 39.50238053925814 and parameters: {'iterations': 2950, 'learning_rate': 0.015101208181716532, 'depth': 6, 'l2_leaf_reg': 2.7963278508540554, 'subsample': 0.762613722109764}. Best is trial 11 with value: 37.12009536391766.
[I 2026-02-17 04:00:25,392] Trial 16 finished with value: 38.92619938762773 and parameters: {'iterations': 1257, 'learning_rate': 0.023101660611850358, 'depth': 6, 'l2_leaf_reg': 2.8876456552031953, 'subsample': 0.7979220696293717}. Best is trial 11 with value: 37.12009536391766.
[I 2026-02-17 04:01:07,302] Trial 17 finished with value: 37.295565239173 and parameters: {'iterations': 579, 'learning_rate': 0.0181193651058936, 'depth': 5, 'l2_leaf_reg': 2.3809149068021593, 'subsample': 0.7420843809092157}. Best is trial 11 with value: 37.12009536391766.
[I 2026-02-17 04:03:25,882] Trial 18 finished with value: 38.208382738836306 and parameters: {'iterations': 1181, 'learning_rate': 0.018124933987900268, 'depth': 6, 'l2_leaf_reg': 3.3591992638109565, 'subsample': 0.652245628229181}. Best is trial 11 with value: 37.12009536391766.
[I 2026-02-17 04:04:24,742] Trial 19 finished with value: 37.64649643255725 and parameters: {'iterations': 531, 'learning_rate': 0.02363244132437183, 'depth': 6, 'l2_leaf_reg': 2.3989215289628625, 'subsample': 0.8264711145174933}. Best is trial 11 with value: 37.12009536391766.
[I 2026-02-17 04:04:58,044] Trial 20 finished with value: 37.14353910972682 and parameters: {'iterations': 301, 'learning_rate': 0.017145949703397688, 'depth': 6, 'l2_leaf_reg': 6.120535945479581, 'subsample': 0.78559227617005}. Best is trial 11 with value: 37.12009536391766.
[I 2026-02-17 04:05:31,227] Trial 21 finished with value: 37.14717463881416 and parameters: {'iterations': 308, 'learning_rate': 0.017214543513403822, 'depth': 6, 'l2_leaf_reg': 6.148756530952873, 'subsample': 0.7884254381765807}. Best is trial 11 with value: 37.12009536391766.
[I 2026-02-17 04:06:04,605] Trial 22 finished with value: 37.204004783156016 and parameters: {'iterations': 306, 'learning_rate': 0.018638008398838193, 'depth': 6, 'l2_leaf_reg': 7.0537811185629105, 'subsample': 0.7834939974605903}. Best is trial 11 with value: 37.12009536391766.
[I 2026-02-17 04:07:19,340] Trial 23 finished with value: 37.36747865143633 and parameters: {'iterations': 713, 'learning_rate': 0.01683305087385267, 'depth': 6, 'l2_leaf_reg': 5.339041702509252, 'subsample': 0.7430478838618298}. Best is trial 11 with value: 37.12009536391766.
[I 2026-02-17 04:08:28,397] Trial 24 finished with value: 37.90288004878846 and parameters: {'iterations': 1073, 'learning_rate': 0.02153500479224065, 'depth': 5, 'l2_leaf_reg': 6.881951369660021, 'subsample': 0.7922987047453193}. Best is trial 11 with value: 37.12009536391766.
[I 2026-02-17 04:09:43,926] Trial 25 finished with value: 37.398862791678354 and parameters: {'iterations': 725, 'learning_rate': 0.019458048175086312, 'depth': 6, 'l2_leaf_reg': 8.11779666656771, 'subsample': 0.7667593346365053}. Best is trial 11 with value: 37.12009536391766.
[I 2026-02-17 04:10:19,455] Trial 26 finished with value: 37.89399712967446 and parameters: {'iterations': 551, 'learning_rate': 0.03506629175096817, 'depth': 5, 'l2_leaf_reg': 5.86796982112956, 'subsample': 0.8204414541948779}. Best is trial 11 with value: 37.12009536391766.
[I 2026-02-17 04:12:46,262] Trial 27 finished with value: 38.27881814368321 and parameters: {'iterations': 1407, 'learning_rate': 0.016932695062288557, 'depth': 6, 'l2_leaf_reg': 5.085725355808054, 'subsample': 0.754261549449796}. Best is trial 11 with value: 37.12009536391766.
[I 2026-02-17 04:14:18,011] Trial 28 finished with value: 37.85762934275844 and parameters: {'iterations': 900, 'learning_rate': 0.02322835762761653, 'depth': 6, 'l2_leaf_reg': 8.377707985179947, 'subsample': 0.6782667597223466}. Best is trial 11 with value: 37.12009536391766.
[I 2026-02-17 04:17:59,633] Trial 29 finished with value: 38.68182892962166 and parameters: {'iterations': 2123, 'learning_rate': 0.015150162869691671, 'depth': 6, 'l2_leaf_reg': 6.094492521042096, 'subsample': 0.7781738054677676}. Best is trial 11 with value: 37.12009536391766.
[I 2026-02-17 04:18:35,865] Trial 30 finished with value: 37.28857542213713 and parameters: {'iterations': 537, 'learning_rate': 0.020868242118633657, 'depth': 5, 'l2_leaf_reg': 3.4851946874134265, 'subsample': 0.7334937557188813}. Best is trial 11 with value: 37.12009536391766.
[I 2026-02-17 04:19:09,766] Trial 31 finished with value: 37.11658789586227 and parameters: {'iterations': 324, 'learning_rate': 0.017037577130740226, 'depth': 6, 'l2_leaf_reg': 4.365944066334483, 'subsample': 0.8266715877184818}. Best is trial 31 with value: 37.11658789586227.
[I 2026-02-17 04:19:44,389] Trial 32 finished with value: 37.099608641120355 and parameters: {'iterations': 313, 'learning_rate': 0.017248200077667374, 'depth': 6, 'l2_leaf_reg': 4.682952232811255, 'subsample': 0.830459583039019}. Best is trial 32 with value: 37.099608641120355.
[I 2026-02-17 04:20:34,311] Trial 33 finished with value: 37.17705266619695 and parameters: {'iterations': 471, 'learning_rate': 0.0189827991780012, 'depth': 6, 'l2_leaf_reg': 4.491629838955657, 'subsample': 0.8278162434499526}. Best is trial 32 with value: 37.099608641120355.
[I 2026-02-17 04:21:47,180] Trial 34 finished with value: 37.63927329762286 and parameters: {'iterations': 702, 'learning_rate': 0.01995437621496436, 'depth': 6, 'l2_leaf_reg': 4.527625071017676, 'subsample': 0.8080243410318836}. Best is trial 32 with value: 37.099608641120355.
[I 2026-02-17 04:23:37,822] Trial 35 finished with value: 38.711171263820404 and parameters: {'iterations': 1053, 'learning_rate': 0.028563302162503818, 'depth': 6, 'l2_leaf_reg': 4.039241579253142, 'subsample': 0.8297201362619152}. Best is trial 32 with value: 37.099608641120355.
[I 2026-02-17 04:24:47,549] Trial 36 finished with value: 37.35829475337788 and parameters: {'iterations': 665, 'learning_rate': 0.01630143450118096, 'depth': 6, 'l2_leaf_reg': 3.7037798467703253, 'subsample': 0.8344134374452474}. Best is trial 32 with value: 37.099608641120355.
[I 2026-02-17 04:25:37,590] Trial 37 finished with value: 37.9405223862788 and parameters: {'iterations': 474, 'learning_rate': 0.03243143506931888, 'depth': 6, 'l2_leaf_reg': 3.162939992080622, 'subsample': 0.8084753208482536}. Best is trial 32 with value: 37.099608641120355.
[I 2026-02-17 04:26:31,511] Trial 38 finished with value: 38.68641280599826 and parameters: {'iterations': 830, 'learning_rate': 0.04293617657359032, 'depth': 5, 'l2_leaf_reg': 5.376058308941492, 'subsample': 0.705431498637244}. Best is trial 32 with value: 37.099608641120355.
[I 2026-02-17 04:28:53,060] Trial 39 finished with value: 39.70403586821575 and parameters: {'iterations': 2168, 'learning_rate': 0.024695624799126174, 'depth': 5, 'l2_leaf_reg': 4.691514686154241, 'subsample': 0.8001593790014516}. Best is trial 32 with value: 37.099608641120355.
[fold 12/13] CatBoost tuning complete: 40 trials, best=37.0996 elapsed=54.6min
[fold 12/13] completed in 54.7min

[fold 13/13] n_train=3,200 n_test=200
[fold 13] Running sanity gates...
[fold 13] target_scale_gate: Target scales OK: total_mean=227.3, margin_std=15.8
[fold 13] feature_name_gate: All feature names OK
[fold 13] constant_feature_gate: No constant features found
[fold 13] duplicate_feature_gate: No duplicate features found
[fold 13] leakage_gate: No leakage features detected
[fold 13] Diagnostics:
  - Zero-variance features: 0
  - Near-duplicate pairs: 8
  - Condition number: 1.873508283576408e+16
[fold 13/13] tuning CatBoost...
[I 2026-02-17 04:29:02,730] A new study created in memory with name: no-name-d976933c-2b8c-4afc-a8f8-f9c151cdeae1
[I 2026-02-17 04:30:04,901] Trial 0 finished with value: 39.06074893782648 and parameters: {'iterations': 1434, 'learning_rate': 0.02322851635013547, 'depth': 4, 'l2_leaf_reg': 5.06211898051131, 'subsample': 0.6517210904017539}. Best is trial 0 with value: 39.06074893782648.
[I 2026-02-17 04:35:07,245] Trial 1 finished with value: 40.939965236768685 and parameters: {'iterations': 2917, 'learning_rate': 0.039365564600740366, 'depth': 6, 'l2_leaf_reg': 6.661105999947388, 'subsample': 0.6559314017649847}. Best is trial 0 with value: 39.06074893782648.
[I 2026-02-17 04:36:04,899] Trial 2 finished with value: 39.18832443438191 and parameters: {'iterations': 1357, 'learning_rate': 0.02442021359595502, 'depth': 4, 'l2_leaf_reg': 7.905952707126914, 'subsample': 0.7733446290623817}. Best is trial 0 with value: 39.06074893782648.
[I 2026-02-17 04:38:02,960] Trial 3 finished with value: 41.232955541437725 and parameters: {'iterations': 2801, 'learning_rate': 0.022186648658841002, 'depth': 4, 'l2_leaf_reg': 7.2688962398838965, 'subsample': 0.8493914925975377}. Best is trial 0 with value: 39.06074893782648.
[I 2026-02-17 04:38:51,030] Trial 4 finished with value: 38.61086079130115 and parameters: {'iterations': 1131, 'learning_rate': 0.018450980054487278, 'depth': 4, 'l2_leaf_reg': 2.6823278770915584, 'subsample': 0.7670028753018963}. Best is trial 4 with value: 38.61086079130115.
[I 2026-02-17 04:40:00,531] Trial 5 finished with value: 39.4495395238453 and parameters: {'iterations': 1579, 'learning_rate': 0.0261222917799576, 'depth': 4, 'l2_leaf_reg': 9.27462713634588, 'subsample': 0.7441787551484431}. Best is trial 4 with value: 38.61086079130115.
[I 2026-02-17 04:40:21,765] Trial 6 finished with value: 38.56146657486308 and parameters: {'iterations': 447, 'learning_rate': 0.04959572857499167, 'depth': 4, 'l2_leaf_reg': 7.169388657903706, 'subsample': 0.8132779925853433}. Best is trial 6 with value: 38.56146657486308.
[I 2026-02-17 04:42:05,354] Trial 7 finished with value: 39.73417130206276 and parameters: {'iterations': 1572, 'learning_rate': 0.020540341997507802, 'depth': 5, 'l2_leaf_reg': 2.9104597875999927, 'subsample': 0.7445807623929962}. Best is trial 6 with value: 38.56146657486308.
[I 2026-02-17 04:42:46,963] Trial 8 finished with value: 38.32779215019939 and parameters: {'iterations': 924, 'learning_rate': 0.018212403316909168, 'depth': 4, 'l2_leaf_reg': 2.667417211156443, 'subsample': 0.8393950453787047}. Best is trial 8 with value: 38.32779215019939.
[I 2026-02-17 04:46:11,742] Trial 9 finished with value: 40.194099286878746 and parameters: {'iterations': 1979, 'learning_rate': 0.03607093722808816, 'depth': 6, 'l2_leaf_reg': 10.809244534836447, 'subsample': 0.6741893146194146}. Best is trial 8 with value: 38.32779215019939.
[I 2026-02-17 04:46:42,684] Trial 10 finished with value: 37.20257429214515 and parameters: {'iterations': 458, 'learning_rate': 0.015025188584931197, 'depth': 5, 'l2_leaf_reg': 3.6457434154311725, 'subsample': 0.8425858809437252}. Best is trial 10 with value: 37.20257429214515.
[I 2026-02-17 04:47:09,802] Trial 11 finished with value: 37.167821390572996 and parameters: {'iterations': 401, 'learning_rate': 0.015556323907779127, 'depth': 5, 'l2_leaf_reg': 3.6678061383694285, 'subsample': 0.8494683716072426}. Best is trial 11 with value: 37.167821390572996.
[I 2026-02-17 04:47:34,996] Trial 12 finished with value: 37.13606072818266 and parameters: {'iterations': 332, 'learning_rate': 0.015031703987285011, 'depth': 5, 'l2_leaf_reg': 3.9624479833458843, 'subsample': 0.8107824428657419}. Best is trial 12 with value: 37.13606072818266.
[I 2026-02-17 04:48:23,181] Trial 13 finished with value: 37.54936077686253 and parameters: {'iterations': 736, 'learning_rate': 0.015590150842352634, 'depth': 5, 'l2_leaf_reg': 4.195776848626572, 'subsample': 0.8062733556261271}. Best is trial 12 with value: 37.13606072818266.
[I 2026-02-17 04:48:46,990] Trial 14 finished with value: 37.58170313594424 and parameters: {'iterations': 331, 'learning_rate': 0.03210398687115006, 'depth': 5, 'l2_leaf_reg': 2.1316437334883678, 'subsample': 0.8076903704475193}. Best is trial 12 with value: 37.13606072818266.
[I 2026-02-17 04:51:11,069] Trial 15 finished with value: 39.80525414387405 and parameters: {'iterations': 2260, 'learning_rate': 0.0176983819569089, 'depth': 5, 'l2_leaf_reg': 5.230610008175991, 'subsample': 0.7093764850190069}. Best is trial 12 with value: 37.13606072818266.
[I 2026-02-17 04:52:48,552] Trial 16 finished with value: 38.2873370815902 and parameters: {'iterations': 893, 'learning_rate': 0.016725522962070347, 'depth': 6, 'l2_leaf_reg': 3.6222667449128316, 'subsample': 0.7892401561292152}. Best is trial 12 with value: 37.13606072818266.
[I 2026-02-17 04:53:33,884] Trial 17 finished with value: 37.93964117665112 and parameters: {'iterations': 675, 'learning_rate': 0.020049791166591363, 'depth': 5, 'l2_leaf_reg': 3.908255202329425, 'subsample': 0.824820476691618}. Best is trial 12 with value: 37.13606072818266.
[I 2026-02-17 04:57:10,390] Trial 18 finished with value: 40.74052070393914 and parameters: {'iterations': 2094, 'learning_rate': 0.028513573112387395, 'depth': 6, 'l2_leaf_reg': 5.726714671425813, 'subsample': 0.7173003112898643}. Best is trial 12 with value: 37.13606072818266.
[I 2026-02-17 04:58:25,563] Trial 19 finished with value: 38.46662140035593 and parameters: {'iterations': 1140, 'learning_rate': 0.015061911599048662, 'depth': 5, 'l2_leaf_reg': 3.250961718963832, 'subsample': 0.7899307749240222}. Best is trial 12 with value: 37.13606072818266.
[I 2026-02-17 04:59:27,225] Trial 20 finished with value: 37.868457842314875 and parameters: {'iterations': 556, 'learning_rate': 0.020177574356151654, 'depth': 6, 'l2_leaf_reg': 2.1829000759102253, 'subsample': 0.8297739541277956}. Best is trial 12 with value: 37.13606072818266.
[I 2026-02-17 04:59:55,014] Trial 21 finished with value: 37.12811876616649 and parameters: {'iterations': 393, 'learning_rate': 0.01545995628631169, 'depth': 5, 'l2_leaf_reg': 4.383026599100657, 'subsample': 0.8495788852066565}. Best is trial 21 with value: 37.12811876616649.
[I 2026-02-17 05:00:20,352] Trial 22 finished with value: 37.16011236359034 and parameters: {'iterations': 350, 'learning_rate': 0.016797464014140416, 'depth': 5, 'l2_leaf_reg': 4.4482532061211755, 'subsample': 0.8248859119332311}. Best is trial 21 with value: 37.12811876616649.
[I 2026-02-17 05:01:27,346] Trial 23 finished with value: 38.040063182668824 and parameters: {'iterations': 860, 'learning_rate': 0.01724424322832806, 'depth': 5, 'l2_leaf_reg': 4.575437763729166, 'subsample': 0.8228896774366856}. Best is trial 21 with value: 37.12811876616649.
[I 2026-02-17 05:01:53,718] Trial 24 finished with value: 37.13743912744352 and parameters: {'iterations': 332, 'learning_rate': 0.01691431366458154, 'depth': 5, 'l2_leaf_reg': 5.789215641750765, 'subsample': 0.7927089660795689}. Best is trial 21 with value: 37.12811876616649.
[I 2026-02-17 05:02:43,995] Trial 25 finished with value: 37.58091696707889 and parameters: {'iterations': 664, 'learning_rate': 0.018774284868626524, 'depth': 5, 'l2_leaf_reg': 5.962138382308937, 'subsample': 0.7871444828291242}. Best is trial 21 with value: 37.12811876616649.
[I 2026-02-17 05:04:01,097] Trial 26 finished with value: 38.9448940397598 and parameters: {'iterations': 1144, 'learning_rate': 0.021322837428042547, 'depth': 5, 'l2_leaf_reg': 5.693977005213474, 'subsample': 0.7641592760298376}. Best is trial 21 with value: 37.12811876616649.
[I 2026-02-17 05:06:52,866] Trial 27 finished with value: 40.26892389207036 and parameters: {'iterations': 2610, 'learning_rate': 0.016370260008507484, 'depth': 5, 'l2_leaf_reg': 4.894665798522082, 'subsample': 0.7943053876179791}. Best is trial 21 with value: 37.12811876616649.
[I 2026-02-17 05:10:03,751] Trial 28 finished with value: 40.04505466486781 and parameters: {'iterations': 1828, 'learning_rate': 0.01870774930564681, 'depth': 6, 'l2_leaf_reg': 3.1028470688590786, 'subsample': 0.802811745674201}. Best is trial 21 with value: 37.12811876616649.
