[I 2026-02-16 21:07:15,545] Trial 28 finished with value: 38.444913755702316 and parameters: {'iterations': 952, 'learning_rate': 0.02165321493517164, 'depth': 5, 'l2_leaf_reg': 5.5451600829754515, 'subsample': 0.7245873091684258}. Best is trial 10 with value: 36.766055562091424.
[I 2026-02-16 21:07:49,384] Trial 29 finished with value: 38.59220588681363 and parameters: {'iterations': 699, 'learning_rate': 0.03448505844094356, 'depth': 5, 'l2_leaf_reg': 3.9267441637652736, 'subsample': 0.6826355408924335}. Best is trial 10 with value: 36.766055562091424.
[I 2026-02-16 21:08:30,582] Trial 30 finished with value: 38.25376262382754 and parameters: {'iterations': 1293, 'learning_rate': 0.01699256499684992, 'depth': 4, 'l2_leaf_reg': 6.791718557599394, 'subsample': 0.703124837819531}. Best is trial 10 with value: 36.766055562091424.
[I 2026-02-16 21:08:54,110] Trial 31 finished with value: 37.10102648611096 and parameters: {'iterations': 303, 'learning_rate': 0.015930653546156432, 'depth': 6, 'l2_leaf_reg': 9.660751172804813, 'subsample': 0.6673016566392629}. Best is trial 10 with value: 36.766055562091424.
[I 2026-02-16 21:09:17,853] Trial 32 finished with value: 36.9742889748855 and parameters: {'iterations': 476, 'learning_rate': 0.019425965997125948, 'depth': 5, 'l2_leaf_reg': 9.769910016316116, 'subsample': 0.6647502986873008}. Best is trial 10 with value: 36.766055562091424.
[I 2026-02-16 21:09:43,108] Trial 33 finished with value: 37.09579783726984 and parameters: {'iterations': 517, 'learning_rate': 0.021520649414034813, 'depth': 5, 'l2_leaf_reg': 11.776168435788422, 'subsample': 0.661773189221493}. Best is trial 10 with value: 36.766055562091424.
[I 2026-02-16 21:10:06,384] Trial 34 finished with value: 37.03974543303699 and parameters: {'iterations': 484, 'learning_rate': 0.018832305651666183, 'depth': 5, 'l2_leaf_reg': 8.25453698265074, 'subsample': 0.6888608331832421}. Best is trial 10 with value: 36.766055562091424.
[I 2026-02-16 21:10:41,137] Trial 35 finished with value: 38.135253094710876 and parameters: {'iterations': 694, 'learning_rate': 0.03063638457814928, 'depth': 5, 'l2_leaf_reg': 10.469539888719924, 'subsample': 0.6580551947692315}. Best is trial 10 with value: 36.766055562091424.
[I 2026-02-16 21:11:29,277] Trial 36 finished with value: 38.628414067016976 and parameters: {'iterations': 1575, 'learning_rate': 0.019850148633414038, 'depth': 4, 'l2_leaf_reg': 9.469231693126543, 'subsample': 0.6766199879861026}. Best is trial 10 with value: 36.766055562091424.
[I 2026-02-16 21:11:54,941] Trial 37 finished with value: 36.8836958741129 and parameters: {'iterations': 447, 'learning_rate': 0.01751930231310366, 'depth': 5, 'l2_leaf_reg': 7.220318033216704, 'subsample': 0.7865851252095101}. Best is trial 10 with value: 36.766055562091424.
[I 2026-02-16 21:12:10,301] Trial 38 finished with value: 36.83418068121701 and parameters: {'iterations': 300, 'learning_rate': 0.017371209567505926, 'depth': 5, 'l2_leaf_reg': 6.239052596665953, 'subsample': 0.798330387368758}. Best is trial 10 with value: 36.766055562091424.
[I 2026-02-16 21:14:07,921] Trial 39 finished with value: 38.98279915779145 and parameters: {'iterations': 2429, 'learning_rate': 0.016404116967096746, 'depth': 5, 'l2_leaf_reg': 6.4306171351165045, 'subsample': 0.8088820427218553}. Best is trial 10 with value: 36.766055562091424.
[fold 2/13] CatBoost tuning complete: 40 trials, best=36.7661 elapsed=38.1min
[fold 2/13] completed in 38.1min

[fold 3/13] n_train=1,200 n_test=200
[fold 3] Running sanity gates...
[fold 3] target_scale_gate: Target scales OK: total_mean=228.2, margin_std=15.6
[fold 3] feature_name_gate: All feature names OK
[fold 3] constant_feature_gate: No constant features found
[fold 3] duplicate_feature_gate: No duplicate features found
[fold 3] leakage_gate: No leakage features detected
[fold 3] Diagnostics:
  - Zero-variance features: 0
  - Near-duplicate pairs: 8
  - Condition number: 1.873508283576408e+16
[fold 3/13] tuning CatBoost...
[I 2026-02-16 21:14:12,502] A new study created in memory with name: no-name-fa1a5309-4f88-4eda-94b2-27f1f606bec4
[I 2026-02-16 21:17:42,859] Trial 0 finished with value: 39.34904490018674 and parameters: {'iterations': 2554, 'learning_rate': 0.017017153432320166, 'depth': 6, 'l2_leaf_reg': 3.8155238463360877, 'subsample': 0.7218621675616144}. Best is trial 0 with value: 39.34904490018674.
[I 2026-02-16 21:19:21,007] Trial 1 finished with value: 39.47204304047426 and parameters: {'iterations': 1945, 'learning_rate': 0.024098511413449004, 'depth': 5, 'l2_leaf_reg': 4.98667647767422, 'subsample': 0.7920295986654147}. Best is trial 0 with value: 39.34904490018674.
[I 2026-02-16 21:21:47,012] Trial 2 finished with value: 39.75533250556153 and parameters: {'iterations': 2894, 'learning_rate': 0.025992540633479364, 'depth': 5, 'l2_leaf_reg': 2.4508792591388473, 'subsample': 0.6935797738693048}. Best is trial 0 with value: 39.34904490018674.
[I 2026-02-16 21:25:48,431] Trial 3 finished with value: 40.427983756666386 and parameters: {'iterations': 2886, 'learning_rate': 0.04670348622606882, 'depth': 6, 'l2_leaf_reg': 6.368471110687255, 'subsample': 0.6927649624261217}. Best is trial 0 with value: 39.34904490018674.
[I 2026-02-16 21:27:31,730] Trial 4 finished with value: 39.00174059313067 and parameters: {'iterations': 2020, 'learning_rate': 0.017735681322448828, 'depth': 5, 'l2_leaf_reg': 9.572551816123472, 'subsample': 0.7016900611734147}. Best is trial 4 with value: 39.00174059313067.
[I 2026-02-16 21:28:42,648] Trial 5 finished with value: 40.70682805006813 and parameters: {'iterations': 2095, 'learning_rate': 0.04238042752483636, 'depth': 4, 'l2_leaf_reg': 5.483908621377986, 'subsample': 0.6818310527626296}. Best is trial 4 with value: 39.00174059313067.
[I 2026-02-16 21:29:07,346] Trial 6 finished with value: 37.79091251113528 and parameters: {'iterations': 766, 'learning_rate': 0.017001320494045496, 'depth': 4, 'l2_leaf_reg': 4.521016750073677, 'subsample': 0.8089149832456434}. Best is trial 6 with value: 37.79091251113528.
[I 2026-02-16 21:31:38,742] Trial 7 finished with value: 40.128238247611364 and parameters: {'iterations': 2976, 'learning_rate': 0.039538268180913584, 'depth': 5, 'l2_leaf_reg': 5.039085395924501, 'subsample': 0.6617797842744155}. Best is trial 6 with value: 37.79091251113528.
[I 2026-02-16 21:34:42,608] Trial 8 finished with value: 39.0379067821927 and parameters: {'iterations': 2220, 'learning_rate': 0.016368317989541695, 'depth': 6, 'l2_leaf_reg': 7.34535508466983, 'subsample': 0.8166732424883512}. Best is trial 6 with value: 37.79091251113528.
[I 2026-02-16 21:37:48,040] Trial 9 finished with value: 39.526469390919964 and parameters: {'iterations': 2218, 'learning_rate': 0.0347346190077155, 'depth': 6, 'l2_leaf_reg': 9.707440730667164, 'subsample': 0.6689943966592916}. Best is trial 6 with value: 37.79091251113528.
[I 2026-02-16 21:38:07,351] Trial 10 finished with value: 37.71309691298239 and parameters: {'iterations': 588, 'learning_rate': 0.021492014645084597, 'depth': 4, 'l2_leaf_reg': 3.1391424902959364, 'subsample': 0.848097505423969}. Best is trial 10 with value: 37.71309691298239.
[I 2026-02-16 21:38:25,553] Trial 11 finished with value: 37.50081917994744 and parameters: {'iterations': 551, 'learning_rate': 0.020829979230416566, 'depth': 4, 'l2_leaf_reg': 2.5281525127242017, 'subsample': 0.8451209350115497}. Best is trial 11 with value: 37.50081917994744.
[I 2026-02-16 21:38:39,954] Trial 12 finished with value: 36.69806124712084 and parameters: {'iterations': 330, 'learning_rate': 0.021951970989593502, 'depth': 4, 'l2_leaf_reg': 2.294993379833881, 'subsample': 0.8466661455751032}. Best is trial 12 with value: 36.69806124712084.
[I 2026-02-16 21:39:15,667] Trial 13 finished with value: 38.90093075570296 and parameters: {'iterations': 1073, 'learning_rate': 0.021243562567307125, 'depth': 4, 'l2_leaf_reg': 2.2347256537013402, 'subsample': 0.8454652275677408}. Best is trial 12 with value: 36.69806124712084.
[I 2026-02-16 21:39:57,503] Trial 14 finished with value: 39.92661169174184 and parameters: {'iterations': 1271, 'learning_rate': 0.03051571976548961, 'depth': 4, 'l2_leaf_reg': 2.8867211648640065, 'subsample': 0.7654651316837131}. Best is trial 12 with value: 36.69806124712084.
[I 2026-02-16 21:40:11,917] Trial 15 finished with value: 37.072572038070774 and parameters: {'iterations': 398, 'learning_rate': 0.021207360188175137, 'depth': 4, 'l2_leaf_reg': 2.05578675942547, 'subsample': 0.7509711466511735}. Best is trial 12 with value: 36.69806124712084.
[I 2026-02-16 21:40:31,553] Trial 16 finished with value: 37.52674871546463 and parameters: {'iterations': 365, 'learning_rate': 0.027797727910281393, 'depth': 5, 'l2_leaf_reg': 2.0769081675236767, 'subsample': 0.7461802055105298}. Best is trial 12 with value: 36.69806124712084.
[I 2026-02-16 21:41:17,051] Trial 17 finished with value: 39.265155685047986 and parameters: {'iterations': 1393, 'learning_rate': 0.01978892064854675, 'depth': 4, 'l2_leaf_reg': 3.748832469082635, 'subsample': 0.7669632740949632}. Best is trial 12 with value: 36.69806124712084.
[I 2026-02-16 21:41:46,667] Trial 18 finished with value: 38.73087998361755 and parameters: {'iterations': 847, 'learning_rate': 0.02427921465660959, 'depth': 4, 'l2_leaf_reg': 2.0026208305325315, 'subsample': 0.730030911109958}. Best is trial 12 with value: 36.69806124712084.
[I 2026-02-16 21:42:02,722] Trial 19 finished with value: 37.48360298811048 and parameters: {'iterations': 308, 'learning_rate': 0.030459983022280507, 'depth': 5, 'l2_leaf_reg': 3.101054976901819, 'subsample': 0.7861382584508303}. Best is trial 12 with value: 36.69806124712084.
[I 2026-02-16 21:42:55,393] Trial 20 finished with value: 39.50076769964669 and parameters: {'iterations': 1562, 'learning_rate': 0.01872548175230476, 'depth': 4, 'l2_leaf_reg': 3.6836518941464207, 'subsample': 0.8143828825798695}. Best is trial 12 with value: 36.69806124712084.
[I 2026-02-16 21:43:12,670] Trial 21 finished with value: 37.677962163626525 and parameters: {'iterations': 336, 'learning_rate': 0.03162135317729486, 'depth': 5, 'l2_leaf_reg': 2.8159066729516815, 'subsample': 0.7776395861730164}. Best is trial 12 with value: 36.69806124712084.
[I 2026-02-16 21:44:01,935] Trial 22 finished with value: 38.980762888445085 and parameters: {'iterations': 952, 'learning_rate': 0.02390134973369587, 'depth': 5, 'l2_leaf_reg': 3.2621434661291513, 'subsample': 0.7439469220765184}. Best is trial 12 with value: 36.69806124712084.
[I 2026-02-16 21:44:21,306] Trial 23 finished with value: 38.416776060510486 and parameters: {'iterations': 553, 'learning_rate': 0.028587886157438167, 'depth': 4, 'l2_leaf_reg': 2.484394791095355, 'subsample': 0.7907864657599311}. Best is trial 12 with value: 36.69806124712084.
[I 2026-02-16 21:44:33,360] Trial 24 finished with value: 36.54983563138469 and parameters: {'iterations': 336, 'learning_rate': 0.015319762107953001, 'depth': 4, 'l2_leaf_reg': 2.413247317247272, 'subsample': 0.8278093771909983}. Best is trial 24 with value: 36.54983563138469.
[I 2026-02-16 21:44:56,601] Trial 25 finished with value: 37.78046818020243 and parameters: {'iterations': 683, 'learning_rate': 0.018954223323210048, 'depth': 4, 'l2_leaf_reg': 2.314457477873733, 'subsample': 0.8285392113601742}. Best is trial 24 with value: 36.54983563138469.
[I 2026-02-16 21:45:33,294] Trial 26 finished with value: 38.613111081345004 and parameters: {'iterations': 1119, 'learning_rate': 0.015357083784276871, 'depth': 4, 'l2_leaf_reg': 2.6618073474318207, 'subsample': 0.8314685608278187}. Best is trial 24 with value: 36.54983563138469.
[I 2026-02-16 21:45:49,366] Trial 27 finished with value: 37.545162157171205 and parameters: {'iterations': 485, 'learning_rate': 0.022874259185699897, 'depth': 4, 'l2_leaf_reg': 2.026901125414126, 'subsample': 0.802864758746867}. Best is trial 24 with value: 36.54983563138469.
[I 2026-02-16 21:46:18,172] Trial 28 finished with value: 38.055654406309564 and parameters: {'iterations': 858, 'learning_rate': 0.015823048064083838, 'depth': 4, 'l2_leaf_reg': 3.5081518060115875, 'subsample': 0.8291053875303365}. Best is trial 24 with value: 36.54983563138469.
[I 2026-02-16 21:47:14,532] Trial 29 finished with value: 39.00898518519777 and parameters: {'iterations': 1704, 'learning_rate': 0.017643860411056752, 'depth': 4, 'l2_leaf_reg': 2.254043426153665, 'subsample': 0.7137213951600577}. Best is trial 24 with value: 36.54983563138469.
[I 2026-02-16 21:48:38,454] Trial 30 finished with value: 39.61260193876408 and parameters: {'iterations': 2568, 'learning_rate': 0.015040604288965366, 'depth': 4, 'l2_leaf_reg': 2.802294887149841, 'subsample': 0.7635285106696343}. Best is trial 24 with value: 36.54983563138469.
[I 2026-02-16 21:48:55,208] Trial 31 finished with value: 37.72958983788495 and parameters: {'iterations': 325, 'learning_rate': 0.03487662424645785, 'depth': 5, 'l2_leaf_reg': 3.0671408158952786, 'subsample': 0.7878871885720607}. Best is trial 24 with value: 36.54983563138469.
[I 2026-02-16 21:49:33,058] Trial 32 finished with value: 37.66365033672747 and parameters: {'iterations': 445, 'learning_rate': 0.02500567860015362, 'depth': 6, 'l2_leaf_reg': 4.2228805212181735, 'subsample': 0.8006094359171492}. Best is trial 24 with value: 36.54983563138469.
[I 2026-02-16 21:50:05,580] Trial 33 finished with value: 38.45524643865089 and parameters: {'iterations': 633, 'learning_rate': 0.030237837015015857, 'depth': 5, 'l2_leaf_reg': 2.3019681416024085, 'subsample': 0.7279769061594253}. Best is trial 24 with value: 36.54983563138469.
[I 2026-02-16 21:51:03,047] Trial 34 finished with value: 38.432262484446085 and parameters: {'iterations': 690, 'learning_rate': 0.02610104795703247, 'depth': 6, 'l2_leaf_reg': 2.5918785751697566, 'subsample': 0.8216711828041969}. Best is trial 24 with value: 36.54983563138469.
[I 2026-02-16 21:51:19,591] Trial 35 finished with value: 36.932077883440236 and parameters: {'iterations': 321, 'learning_rate': 0.022656103605267708, 'depth': 5, 'l2_leaf_reg': 3.36707287760722, 'subsample': 0.778933127490871}. Best is trial 24 with value: 36.54983563138469.
[I 2026-02-16 21:51:56,948] Trial 36 finished with value: 38.78403661050896 and parameters: {'iterations': 1028, 'learning_rate': 0.01987340027138497, 'depth': 4, 'l2_leaf_reg': 4.127233012907459, 'subsample': 0.7752590598355777}. Best is trial 24 with value: 36.54983563138469.
[I 2026-02-16 21:52:22,964] Trial 37 finished with value: 37.65046013699159 and parameters: {'iterations': 475, 'learning_rate': 0.022391378792640724, 'depth': 5, 'l2_leaf_reg': 2.2272871769951346, 'subsample': 0.7568439821359225}. Best is trial 24 with value: 36.54983563138469.
[I 2026-02-16 21:52:48,930] Trial 38 finished with value: 37.104986181589126 and parameters: {'iterations': 751, 'learning_rate': 0.018508241282759994, 'depth': 4, 'l2_leaf_reg': 11.534399516949293, 'subsample': 0.7363433002895979}. Best is trial 24 with value: 36.54983563138469.
[I 2026-02-16 21:53:50,619] Trial 39 finished with value: 39.152800139685084 and parameters: {'iterations': 1205, 'learning_rate': 0.022690721862340942, 'depth': 5, 'l2_leaf_reg': 3.414617591256671, 'subsample': 0.8371972910254653}. Best is trial 24 with value: 36.54983563138469.
[fold 3/13] CatBoost tuning complete: 40 trials, best=36.5498 elapsed=39.6min
[fold 3/13] completed in 39.7min

[fold 4/13] n_train=1,400 n_test=200
[fold 4] Running sanity gates...
[fold 4] target_scale_gate: Target scales OK: total_mean=226.8, margin_std=15.7
[fold 4] feature_name_gate: All feature names OK
[fold 4] constant_feature_gate: No constant features found
[fold 4] duplicate_feature_gate: No duplicate features found
[fold 4] leakage_gate: No leakage features detected
[fold 4] Diagnostics:
  - Zero-variance features: 0
  - Near-duplicate pairs: 8
  - Condition number: 1.873508283576408e+16
[fold 4/13] tuning CatBoost...
[I 2026-02-16 21:53:54,097] A new study created in memory with name: no-name-579d9465-dbca-426f-b633-cefca9d2ceae
[I 2026-02-16 21:55:36,120] Trial 0 finished with value: 41.12146203670646 and parameters: {'iterations': 2971, 'learning_rate': 0.029069430013039774, 'depth': 4, 'l2_leaf_reg': 2.297063326286765, 'subsample': 0.7388938991943607}. Best is trial 0 with value: 41.12146203670646.
[I 2026-02-16 21:56:28,598] Trial 1 finished with value: 39.118558684257074 and parameters: {'iterations': 1577, 'learning_rate': 0.015902389335431845, 'depth': 4, 'l2_leaf_reg': 2.461825051788452, 'subsample': 0.7754783365408852}. Best is trial 1 with value: 39.118558684257074.
[I 2026-02-16 22:00:19,356] Trial 2 finished with value: 40.28775608244217 and parameters: {'iterations': 2612, 'learning_rate': 0.03281073787714653, 'depth': 6, 'l2_leaf_reg': 4.6455166252136815, 'subsample': 0.7736588967134717}. Best is trial 1 with value: 39.118558684257074.
[I 2026-02-16 22:02:01,916] Trial 3 finished with value: 40.122955971470915 and parameters: {'iterations': 1063, 'learning_rate': 0.04857610047981753, 'depth': 6, 'l2_leaf_reg': 4.4038209949051295, 'subsample': 0.707937468050419}. Best is trial 1 with value: 39.118558684257074.
[I 2026-02-16 22:03:05,575] Trial 4 finished with value: 39.3579324542983 and parameters: {'iterations': 1676, 'learning_rate': 0.017174917956634582, 'depth': 4, 'l2_leaf_reg': 4.714287560151819, 'subsample': 0.6985516313560226}. Best is trial 1 with value: 39.118558684257074.
[I 2026-02-16 22:03:54,711] Trial 5 finished with value: 39.99318823409594 and parameters: {'iterations': 1347, 'learning_rate': 0.04020339875020203, 'depth': 4, 'l2_leaf_reg': 10.456346437113531, 'subsample': 0.6949792164018915}. Best is trial 1 with value: 39.118558684257074.
[I 2026-02-16 22:05:54,462] Trial 6 finished with value: 39.61382777183522 and parameters: {'iterations': 2207, 'learning_rate': 0.017135768501894275, 'depth': 5, 'l2_leaf_reg': 4.1454923478983545, 'subsample': 0.8173658900864113}. Best is trial 1 with value: 39.118558684257074.
[I 2026-02-16 22:06:47,411] Trial 7 finished with value: 38.88088056347734 and parameters: {'iterations': 975, 'learning_rate': 0.02602751621411818, 'depth': 5, 'l2_leaf_reg': 3.14112600768082, 'subsample': 0.6720482644531465}. Best is trial 7 with value: 38.88088056347734.
[I 2026-02-16 22:10:03,140] Trial 8 finished with value: 39.78730650717303 and parameters: {'iterations': 2262, 'learning_rate': 0.021788249031303504, 'depth': 6, 'l2_leaf_reg': 4.492570159635856, 'subsample': 0.6688277858200985}. Best is trial 7 with value: 38.88088056347734.
[I 2026-02-16 22:11:34,078] Trial 9 finished with value: 40.91176244646691 and parameters: {'iterations': 2696, 'learning_rate': 0.03663858787974603, 'depth': 4, 'l2_leaf_reg': 9.268844238311047, 'subsample': 0.6633876542376699}. Best is trial 7 with value: 38.88088056347734.
[I 2026-02-16 22:11:58,902] Trial 10 finished with value: 37.393178115783066 and parameters: {'iterations': 459, 'learning_rate': 0.022251651438956795, 'depth': 5, 'l2_leaf_reg': 2.98468447800951, 'subsample': 0.8494558746767127}. Best is trial 10 with value: 37.393178115783066.
[I 2026-02-16 22:12:19,062] Trial 11 finished with value: 37.198082992934204 and parameters: {'iterations': 348, 'learning_rate': 0.023341207068724383, 'depth': 5, 'l2_leaf_reg': 3.048167242288612, 'subsample': 0.8459412780398744}. Best is trial 11 with value: 37.198082992934204.
[I 2026-02-16 22:12:42,724] Trial 12 finished with value: 37.28196472063923 and parameters: {'iterations': 418, 'learning_rate': 0.021969269762676307, 'depth': 5, 'l2_leaf_reg': 3.127550890324486, 'subsample': 0.846430705330641}. Best is trial 11 with value: 37.198082992934204.
[I 2026-02-16 22:13:02,329] Trial 13 finished with value: 36.89489749825849 and parameters: {'iterations': 307, 'learning_rate': 0.02168153466318605, 'depth': 5, 'l2_leaf_reg': 6.205856652746569, 'subsample': 0.8489623163587049}. Best is trial 13 with value: 36.89489749825849.
[I 2026-02-16 22:13:48,305] Trial 14 finished with value: 38.402535021215115 and parameters: {'iterations': 701, 'learning_rate': 0.025435100263429714, 'depth': 5, 'l2_leaf_reg': 7.133060489545748, 'subsample': 0.8121636836632492}. Best is trial 13 with value: 36.89489749825849.
[I 2026-02-16 22:14:07,637] Trial 15 finished with value: 36.94206355493086 and parameters: {'iterations': 327, 'learning_rate': 0.019609081446282494, 'depth': 5, 'l2_leaf_reg': 6.50954012164562, 'subsample': 0.8194963440978965}. Best is trial 13 with value: 36.89489749825849.
[I 2026-02-16 22:15:00,328] Trial 16 finished with value: 38.35214445575275 and parameters: {'iterations': 894, 'learning_rate': 0.018545126443573708, 'depth': 5, 'l2_leaf_reg': 6.50755292357161, 'subsample': 0.8175181156746574}. Best is trial 13 with value: 36.89489749825849.
[I 2026-02-16 22:15:58,368] Trial 17 finished with value: 37.71070511707181 and parameters: {'iterations': 638, 'learning_rate': 0.019901481935196277, 'depth': 6, 'l2_leaf_reg': 6.185652199191099, 'subsample': 0.7985388597893545}. Best is trial 13 with value: 36.89489749825849.
[I 2026-02-16 22:17:44,280] Trial 18 finished with value: 39.449261181388195 and parameters: {'iterations': 1184, 'learning_rate': 0.029891858525456252, 'depth': 6, 'l2_leaf_reg': 8.268301890487326, 'subsample': 0.7851636429879079}. Best is trial 13 with value: 36.89489749825849.
[I 2026-02-16 22:18:31,552] Trial 19 finished with value: 37.530522609612035 and parameters: {'iterations': 730, 'learning_rate': 0.01985976056861772, 'depth': 5, 'l2_leaf_reg': 11.832626968417225, 'subsample': 0.7457380363701159}. Best is trial 13 with value: 36.89489749825849.
[I 2026-02-16 22:20:26,471] Trial 20 finished with value: 39.08415700862803 and parameters: {'iterations': 1965, 'learning_rate': 0.01586032087126064, 'depth': 5, 'l2_leaf_reg': 5.8264493955709815, 'subsample': 0.8342438390108364}. Best is trial 13 with value: 36.89489749825849.
