[I 2026-02-17 05:10:43,445] Trial 29 finished with value: 37.869014408045956 and parameters: {'iterations': 584, 'learning_rate': 0.023943988452284806, 'depth': 5, 'l2_leaf_reg': 5.215012284885698, 'subsample': 0.834889133306727}. Best is trial 21 with value: 37.12811876616649.
[I 2026-02-17 05:12:13,639] Trial 30 finished with value: 39.652029155922236 and parameters: {'iterations': 1370, 'learning_rate': 0.028838485492771147, 'depth': 5, 'l2_leaf_reg': 8.552311903754555, 'subsample': 0.7761528315763206}. Best is trial 21 with value: 37.12811876616649.
[I 2026-02-17 05:12:35,315] Trial 31 finished with value: 37.13706852103199 and parameters: {'iterations': 303, 'learning_rate': 0.016594313380207726, 'depth': 5, 'l2_leaf_reg': 4.444310601474893, 'subsample': 0.8171429453981985}. Best is trial 21 with value: 37.12811876616649.
[I 2026-02-17 05:12:59,794] Trial 32 finished with value: 37.18139847110305 and parameters: {'iterations': 347, 'learning_rate': 0.016341932155657678, 'depth': 5, 'l2_leaf_reg': 6.535888078283465, 'subsample': 0.8138187799847226}. Best is trial 21 with value: 37.12811876616649.
[I 2026-02-17 05:13:51,712] Trial 33 finished with value: 38.13978948209608 and parameters: {'iterations': 800, 'learning_rate': 0.019362237255547806, 'depth': 5, 'l2_leaf_reg': 4.1262065424771555, 'subsample': 0.8166428105708065}. Best is trial 21 with value: 37.12811876616649.
[I 2026-02-17 05:14:27,931] Trial 34 finished with value: 37.658530741863444 and parameters: {'iterations': 539, 'learning_rate': 0.02254026177133715, 'depth': 5, 'l2_leaf_reg': 4.753139615926985, 'subsample': 0.798256536004806}. Best is trial 21 with value: 37.12811876616649.
[I 2026-02-17 05:15:12,683] Trial 35 finished with value: 37.87826550044735 and parameters: {'iterations': 1027, 'learning_rate': 0.01616013519261733, 'depth': 4, 'l2_leaf_reg': 6.311335704425183, 'subsample': 0.7550609438480553}. Best is trial 21 with value: 37.12811876616649.
[I 2026-02-17 05:15:27,388] Trial 36 finished with value: 37.094458553368064 and parameters: {'iterations': 306, 'learning_rate': 0.017822743005378693, 'depth': 4, 'l2_leaf_reg': 5.323767906034335, 'subsample': 0.7782905584523616}. Best is trial 36 with value: 37.094458553368064.
[I 2026-02-17 05:15:52,770] Trial 37 finished with value: 37.31642455459207 and parameters: {'iterations': 563, 'learning_rate': 0.01787401958812879, 'depth': 4, 'l2_leaf_reg': 3.379925951687119, 'subsample': 0.7788044542103929}. Best is trial 36 with value: 37.094458553368064.
[I 2026-02-17 05:16:25,032] Trial 38 finished with value: 37.89459477476335 and parameters: {'iterations': 737, 'learning_rate': 0.021879420147515524, 'depth': 4, 'l2_leaf_reg': 5.236347661242042, 'subsample': 0.8372988203255406}. Best is trial 36 with value: 37.094458553368064.
[I 2026-02-17 05:16:50,278] Trial 39 finished with value: 37.45174078203727 and parameters: {'iterations': 495, 'learning_rate': 0.026490084925482545, 'depth': 4, 'l2_leaf_reg': 7.152282367517336, 'subsample': 0.7349197784383797}. Best is trial 36 with value: 37.094458553368064.
[fold 13/13] CatBoost tuning complete: 40 trials, best=37.0945 elapsed=47.8min
[fold 13/13] completed in 47.9min

Saving results...

✅ PHASE 2B COMPLETE: CatBoost re-tuning finished

Summary:
  Total CatBoost trials: 13
  Output: reports/phase2b_catboost_retuning

Next steps:
  1. Compare CatBoost vs XGBoost
  2. Evaluate ensemble performance
  3. Select champion model

✅ CatBoost re-tuning complete

=== STEP 2: Model Comparison and Champion Selection ===

Running: /Users/jarrydhawley/Desktop/Predictor/PerryPicks v3/.venv_catboost/bin/python scripts/compare_phase2b_models.py --catboost-results reports/phase2b_catboost_retuning/catboost_tuning_summary.csv --xgboost-results reports/phase2_pregame/fold_metrics.csv --output reports/phase2b_final
================================================================================
PHASE 2B: CatBoost vs XGBoost Comparison
================================================================================

CatBoost results: reports/phase2b_catboost_retuning/catboost_tuning_summary.csv
XGBoost results: reports/phase2_pregame/fold_metrics.csv
Output directory: reports/phase2b_final


Loading results...
CatBoost folds: 13
XGBoost folds: 12

Comparing folds...
Warning: XGBoost missing fold 13

Selecting champion...

=== Champion Selection ===
CatBoost composite score: 0.7584
XGBoost composite score: 0.7667

🏆 Champion: ensemble
Reason: Models within 0.5 composite score - ensemble selected

Ensemble metrics:
  MAE Total: 15.34
  MAE Margin: 11.24
  Brier Win: 0.2327
  Composite: 0.7644

Generating summary...

=== Generating Summary ===

=== Fold-Averaged Metrics ===

Metric               CatBoost        XGBoost         Winner    
------------------------------------------------------------
MAE Total                     15.37          15.32 xgboost   
MAE Margin                    11.22          11.26 catboost  
Brier Win                    0.2303         0.2351 catboost  

Composite Score              0.7584         0.7667 catboost  

=== Fold Stability (Std Dev) ===
CatBoost: 0.0347
XGBoost: 0.0381
Winner: CatBoost (more stable)
Traceback (most recent call last):
  File "/Users/jarrydhawley/Desktop/Predictor/PerryPicks v3/scripts/compare_phase2b_models.py", line 329, in <module>
    main()
  File "/Users/jarrydhawley/Desktop/Predictor/PerryPicks v3/scripts/compare_phase2b_models.py", line 315, in main
    generate_summary(
  File "/Users/jarrydhawley/Desktop/Predictor/PerryPicks v3/scripts/compare_phase2b_models.py", line 235, in generate_summary
    'MAE Total': [cat_avg['mae_total'], xgb_avg['mae_total'], champion['ensemble_composite']['mae_total']],
                                                              ~~~~~~~~~~~~~~~~~~~~~~~~~~~~~~^^^^^^^^^^^^^
IndexError: invalid index to scalar variable.

❌ Command failed with exit code 1

❌ Model comparison failed
