[I 2026-02-16 22:20:44,878] Trial 21 finished with value: 36.98397360368187 and parameters: {'iterations': 319, 'learning_rate': 0.02411471537222113, 'depth': 5, 'l2_leaf_reg': 3.65043415075414, 'subsample': 0.832474953781732}. Best is trial 13 with value: 36.89489749825849.
[I 2026-02-16 22:21:03,478] Trial 22 finished with value: 37.01345819306369 and parameters: {'iterations': 343, 'learning_rate': 0.024550306507678404, 'depth': 5, 'l2_leaf_reg': 5.410901051580045, 'subsample': 0.83001218006872}. Best is trial 13 with value: 36.89489749825849.
[I 2026-02-16 22:21:42,803] Trial 23 finished with value: 38.032504877683074 and parameters: {'iterations': 720, 'learning_rate': 0.019699744091749523, 'depth': 5, 'l2_leaf_reg': 3.7015066200662723, 'subsample': 0.803209846442677}. Best is trial 13 with value: 36.89489749825849.
[I 2026-02-16 22:22:12,243] Trial 24 finished with value: 37.84241219520889 and parameters: {'iterations': 549, 'learning_rate': 0.02764495725209738, 'depth': 5, 'l2_leaf_reg': 6.873695148128675, 'subsample': 0.8265669628202764}. Best is trial 13 with value: 36.89489749825849.
[I 2026-02-16 22:22:31,916] Trial 25 finished with value: 36.85080005752728 and parameters: {'iterations': 325, 'learning_rate': 0.02104901027857112, 'depth': 5, 'l2_leaf_reg': 7.865020211812074, 'subsample': 0.7887479173490793}. Best is trial 25 with value: 36.85080005752728.
[I 2026-02-16 22:23:00,716] Trial 26 finished with value: 37.79590854121911 and parameters: {'iterations': 857, 'learning_rate': 0.01786232173315177, 'depth': 4, 'l2_leaf_reg': 8.205412436404128, 'subsample': 0.7604073030550205}. Best is trial 25 with value: 36.85080005752728.
[I 2026-02-16 22:24:51,024] Trial 27 finished with value: 38.89217317503843 and parameters: {'iterations': 1271, 'learning_rate': 0.02037828793563618, 'depth': 6, 'l2_leaf_reg': 7.95580029420634, 'subsample': 0.8002561346232194}. Best is trial 25 with value: 36.85080005752728.
[I 2026-02-16 22:25:20,424] Trial 28 finished with value: 37.02962166429136 and parameters: {'iterations': 549, 'learning_rate': 0.015008771032029583, 'depth': 5, 'l2_leaf_reg': 9.944212754564562, 'subsample': 0.7886982454398078}. Best is trial 25 with value: 36.85080005752728.
[I 2026-02-16 22:25:49,809] Trial 29 finished with value: 39.01273265240939 and parameters: {'iterations': 834, 'learning_rate': 0.029514185827389704, 'depth': 4, 'l2_leaf_reg': 5.679001171833432, 'subsample': 0.7231728086437363}. Best is trial 25 with value: 36.85080005752728.
[I 2026-02-16 22:27:05,907] Trial 30 finished with value: 39.16315963328513 and parameters: {'iterations': 1417, 'learning_rate': 0.02114266467000884, 'depth': 5, 'l2_leaf_reg': 5.22110334442444, 'subsample': 0.7656050107702578}. Best is trial 25 with value: 36.85080005752728.
[I 2026-02-16 22:27:25,719] Trial 31 finished with value: 37.191779447160684 and parameters: {'iterations': 357, 'learning_rate': 0.024107016952104387, 'depth': 5, 'l2_leaf_reg': 3.657884567175924, 'subsample': 0.8380302176665887}. Best is trial 25 with value: 36.85080005752728.
[I 2026-02-16 22:27:55,892] Trial 32 finished with value: 37.43400711788764 and parameters: {'iterations': 549, 'learning_rate': 0.0187676199495661, 'depth': 5, 'l2_leaf_reg': 2.49750618253352, 'subsample': 0.8224637346915503}. Best is trial 25 with value: 36.85080005752728.
[I 2026-02-16 22:28:12,863] Trial 33 finished with value: 36.93458379398287 and parameters: {'iterations': 306, 'learning_rate': 0.027258129137420647, 'depth': 5, 'l2_leaf_reg': 7.355287431672306, 'subsample': 0.8091162267494276}. Best is trial 25 with value: 36.85080005752728.
[I 2026-02-16 22:28:45,665] Trial 34 finished with value: 38.2313153805213 and parameters: {'iterations': 544, 'learning_rate': 0.032178404345924096, 'depth': 5, 'l2_leaf_reg': 7.230590038684639, 'subsample': 0.7888217270785879}. Best is trial 25 with value: 36.85080005752728.
[I 2026-02-16 22:29:02,530] Trial 35 finished with value: 37.00728085101958 and parameters: {'iterations': 312, 'learning_rate': 0.026929736498047942, 'depth': 5, 'l2_leaf_reg': 8.903348638536102, 'subsample': 0.7743230611013042}. Best is trial 25 with value: 36.85080005752728.
[I 2026-02-16 22:29:38,266] Trial 36 finished with value: 39.809062247937376 and parameters: {'iterations': 1010, 'learning_rate': 0.044568281641491556, 'depth': 4, 'l2_leaf_reg': 7.434615533466242, 'subsample': 0.809395837090412}. Best is trial 25 with value: 36.85080005752728.
[I 2026-02-16 22:32:00,578] Trial 37 finished with value: 39.484982280064436 and parameters: {'iterations': 1614, 'learning_rate': 0.03231433252016347, 'depth': 6, 'l2_leaf_reg': 6.236620637415806, 'subsample': 0.7937074376000999}. Best is trial 25 with value: 36.85080005752728.
[I 2026-02-16 22:33:36,421] Trial 38 finished with value: 38.99979522692267 and parameters: {'iterations': 1789, 'learning_rate': 0.01677820276313406, 'depth': 5, 'l2_leaf_reg': 10.207561514290969, 'subsample': 0.7796825073445786}. Best is trial 25 with value: 36.85080005752728.
[I 2026-02-16 22:34:14,730] Trial 39 finished with value: 40.251212452785666 and parameters: {'iterations': 1132, 'learning_rate': 0.03531274690798449, 'depth': 4, 'l2_leaf_reg': 5.041581707206329, 'subsample': 0.7309778146675904}. Best is trial 25 with value: 36.85080005752728.
[fold 4/13] CatBoost tuning complete: 40 trials, best=36.8508 elapsed=40.3min
[fold 4/13] completed in 40.4min

[fold 5/13] n_train=1,600 n_test=200
[fold 5] Running sanity gates...
[fold 5] target_scale_gate: Target scales OK: total_mean=226.6, margin_std=15.7
[fold 5] feature_name_gate: All feature names OK
[fold 5] constant_feature_gate: No constant features found
[fold 5] duplicate_feature_gate: No duplicate features found
[fold 5] leakage_gate: No leakage features detected
[fold 5] Diagnostics:
  - Zero-variance features: 0
  - Near-duplicate pairs: 8
  - Condition number: 1.873508283576408e+16
[fold 5/13] tuning CatBoost...
[I 2026-02-16 22:34:20,138] A new study created in memory with name: no-name-5329f477-a246-443b-8398-1239b8f9591c
[I 2026-02-16 22:35:45,549] Trial 0 finished with value: 40.60276963357053 and parameters: {'iterations': 2417, 'learning_rate': 0.03221308441995963, 'depth': 4, 'l2_leaf_reg': 7.779069966312077, 'subsample': 0.712615387126336}. Best is trial 0 with value: 40.60276963357053.
[I 2026-02-16 22:38:21,081] Trial 1 finished with value: 39.16834234965603 and parameters: {'iterations': 2831, 'learning_rate': 0.015794456675710934, 'depth': 5, 'l2_leaf_reg': 10.262802866733473, 'subsample': 0.7410007837853557}. Best is trial 1 with value: 39.16834234965603.
[I 2026-02-16 22:39:52,804] Trial 2 finished with value: 38.892141486081144 and parameters: {'iterations': 1671, 'learning_rate': 0.016614520958896206, 'depth': 5, 'l2_leaf_reg': 7.608702092641012, 'subsample': 0.823416279122158}. Best is trial 2 with value: 38.892141486081144.
[I 2026-02-16 22:41:38,185] Trial 3 finished with value: 38.537559811690166 and parameters: {'iterations': 1174, 'learning_rate': 0.017002373383302224, 'depth': 6, 'l2_leaf_reg': 4.057597559096581, 'subsample': 0.775553617646838}. Best is trial 3 with value: 38.537559811690166.
[I 2026-02-16 22:41:53,807] Trial 4 finished with value: 36.8868308844101 and parameters: {'iterations': 397, 'learning_rate': 0.021523192966396768, 'depth': 4, 'l2_leaf_reg': 3.896426705455985, 'subsample': 0.7024830392856394}. Best is trial 4 with value: 36.8868308844101.
[I 2026-02-16 22:43:40,786] Trial 5 finished with value: 41.14118277034136 and parameters: {'iterations': 2975, 'learning_rate': 0.024138171181956266, 'depth': 4, 'l2_leaf_reg': 2.972214313928821, 'subsample': 0.7488050049972774}. Best is trial 4 with value: 36.8868308844101.
[I 2026-02-16 22:43:58,259] Trial 6 finished with value: 36.77055478703628 and parameters: {'iterations': 456, 'learning_rate': 0.021260293361043667, 'depth': 4, 'l2_leaf_reg': 11.238919944430625, 'subsample': 0.7731347746155}. Best is trial 6 with value: 36.77055478703628.
[I 2026-02-16 22:45:35,371] Trial 7 finished with value: 40.06903357772809 and parameters: {'iterations': 2629, 'learning_rate': 0.016718408197703715, 'depth': 4, 'l2_leaf_reg': 6.674135885221862, 'subsample': 0.8457983849624868}. Best is trial 6 with value: 36.77055478703628.
[I 2026-02-16 22:45:48,566] Trial 8 finished with value: 37.7953726373449 and parameters: {'iterations': 362, 'learning_rate': 0.04474211407202396, 'depth': 4, 'l2_leaf_reg': 7.745545299213955, 'subsample': 0.6629205756179651}. Best is trial 6 with value: 36.77055478703628.
[I 2026-02-16 22:46:24,277] Trial 9 finished with value: 38.40131429247517 and parameters: {'iterations': 990, 'learning_rate': 0.0183982092576008, 'depth': 4, 'l2_leaf_reg': 2.420735519123152, 'subsample': 0.754157920077772}. Best is trial 6 with value: 36.77055478703628.
[I 2026-02-16 22:49:17,905] Trial 10 finished with value: 39.465927512904976 and parameters: {'iterations': 1951, 'learning_rate': 0.03136537713228613, 'depth': 6, 'l2_leaf_reg': 11.116680418093909, 'subsample': 0.7965042943120922}. Best is trial 6 with value: 36.77055478703628.
[I 2026-02-16 22:49:38,536] Trial 11 finished with value: 36.88928106816006 and parameters: {'iterations': 364, 'learning_rate': 0.022356745458925898, 'depth': 5, 'l2_leaf_reg': 4.533362873146371, 'subsample': 0.6928999115867248}. Best is trial 6 with value: 36.77055478703628.
[I 2026-02-16 22:50:10,128] Trial 12 finished with value: 38.17859407200241 and parameters: {'iterations': 868, 'learning_rate': 0.02158897250562789, 'depth': 4, 'l2_leaf_reg': 3.601369926184756, 'subsample': 0.7042734761870911}. Best is trial 6 with value: 36.77055478703628.
[I 2026-02-16 22:50:45,852] Trial 13 finished with value: 38.09242233810504 and parameters: {'iterations': 646, 'learning_rate': 0.02701494850533398, 'depth': 5, 'l2_leaf_reg': 6.037753359197112, 'subsample': 0.6688991327137822}. Best is trial 6 with value: 36.77055478703628.
[I 2026-02-16 22:51:35,085] Trial 14 finished with value: 39.180814339646865 and parameters: {'iterations': 1342, 'learning_rate': 0.020561250482972634, 'depth': 4, 'l2_leaf_reg': 2.1518898373339135, 'subsample': 0.7213117091226879}. Best is trial 6 with value: 36.77055478703628.
[I 2026-02-16 22:52:15,247] Trial 15 finished with value: 38.40536465450884 and parameters: {'iterations': 728, 'learning_rate': 0.027542150059260775, 'depth': 5, 'l2_leaf_reg': 5.695899047903983, 'subsample': 0.7895943012140408}. Best is trial 6 with value: 36.77055478703628.
[I 2026-02-16 22:53:08,086] Trial 16 finished with value: 40.34246702578439 and parameters: {'iterations': 1477, 'learning_rate': 0.039488832466885795, 'depth': 4, 'l2_leaf_reg': 3.5369049829160333, 'subsample': 0.683569620543938}. Best is trial 6 with value: 36.77055478703628.
[I 2026-02-16 22:55:00,121] Trial 17 finished with value: 39.425366008339516 and parameters: {'iterations': 2028, 'learning_rate': 0.019182019954460287, 'depth': 5, 'l2_leaf_reg': 5.184468555097644, 'subsample': 0.7293064502675821}. Best is trial 6 with value: 36.77055478703628.
[I 2026-02-16 22:55:31,244] Trial 18 finished with value: 37.42048261900517 and parameters: {'iterations': 338, 'learning_rate': 0.02675614521079625, 'depth': 6, 'l2_leaf_reg': 2.7331859654490267, 'subsample': 0.7726889594631561}. Best is trial 6 with value: 36.77055478703628.
[I 2026-02-16 22:55:52,763] Trial 19 finished with value: 37.440633694152325 and parameters: {'iterations': 590, 'learning_rate': 0.02370949513613585, 'depth': 4, 'l2_leaf_reg': 9.433947908978514, 'subsample': 0.8227306044495734}. Best is trial 6 with value: 36.77055478703628.
[I 2026-02-16 22:56:57,180] Trial 20 finished with value: 39.390391565199934 and parameters: {'iterations': 1108, 'learning_rate': 0.03272796022156395, 'depth': 5, 'l2_leaf_reg': 4.5381568111857735, 'subsample': 0.655336457450462}. Best is trial 6 with value: 36.77055478703628.
[I 2026-02-16 22:57:24,832] Trial 21 finished with value: 37.416822661581286 and parameters: {'iterations': 468, 'learning_rate': 0.022342447425533866, 'depth': 5, 'l2_leaf_reg': 4.240195215551598, 'subsample': 0.687453119316302}. Best is trial 6 with value: 36.77055478703628.
[I 2026-02-16 22:58:40,340] Trial 22 finished with value: 38.20241557380265 and parameters: {'iterations': 796, 'learning_rate': 0.020036164919966595, 'depth': 6, 'l2_leaf_reg': 3.45037338107907, 'subsample': 0.6870689914454376}. Best is trial 6 with value: 36.77055478703628.
[I 2026-02-16 22:58:58,854] Trial 23 finished with value: 37.40005414462979 and parameters: {'iterations': 498, 'learning_rate': 0.024708315648072136, 'depth': 4, 'l2_leaf_reg': 5.130415769430734, 'subsample': 0.7040475993113304}. Best is trial 6 with value: 36.77055478703628.
[I 2026-02-16 22:59:18,094] Trial 24 finished with value: 36.69461722648755 and parameters: {'iterations': 337, 'learning_rate': 0.017927710537869908, 'depth': 5, 'l2_leaf_reg': 3.997385049543047, 'subsample': 0.7599858724050361}. Best is trial 24 with value: 36.69461722648755.
[I 2026-02-16 22:59:51,636] Trial 25 finished with value: 38.186455584444886 and parameters: {'iterations': 911, 'learning_rate': 0.018166076664283316, 'depth': 4, 'l2_leaf_reg': 2.9595375810873845, 'subsample': 0.7608425913438939}. Best is trial 24 with value: 36.69461722648755.
[I 2026-02-16 23:00:24,167] Trial 26 finished with value: 37.35455557303974 and parameters: {'iterations': 593, 'learning_rate': 0.01828490468191679, 'depth': 5, 'l2_leaf_reg': 3.882208330148437, 'subsample': 0.7972822722939005}. Best is trial 24 with value: 36.69461722648755.
[I 2026-02-16 23:00:36,413] Trial 27 finished with value: 36.644948665737516 and parameters: {'iterations': 311, 'learning_rate': 0.020540129554450913, 'depth': 4, 'l2_leaf_reg': 3.2710384052074932, 'subsample': 0.735314806941021}. Best is trial 27 with value: 36.644948665737516.
[I 2026-02-16 23:00:55,845] Trial 28 finished with value: 36.624744538575634 and parameters: {'iterations': 302, 'learning_rate': 0.015933346306339493, 'depth': 5, 'l2_leaf_reg': 3.1117781996370764, 'subsample': 0.7354360596235813}. Best is trial 28 with value: 36.624744538575634.
[I 2026-02-16 23:04:38,838] Trial 29 finished with value: 39.63690193589518 and parameters: {'iterations': 2291, 'learning_rate': 0.016568469110070903, 'depth': 6, 'l2_leaf_reg': 2.0310397490567755, 'subsample': 0.7330548152846862}. Best is trial 28 with value: 36.624744538575634.
[I 2026-02-16 23:05:45,943] Trial 30 finished with value: 38.344012295981955 and parameters: {'iterations': 1225, 'learning_rate': 0.015525707422861799, 'depth': 5, 'l2_leaf_reg': 3.1595571920546037, 'subsample': 0.7155100366469865}. Best is trial 28 with value: 36.624744538575634.
[I 2026-02-16 23:06:25,487] Trial 31 finished with value: 37.642902120703226 and parameters: {'iterations': 718, 'learning_rate': 0.015337297408890855, 'depth': 5, 'l2_leaf_reg': 2.571283655452042, 'subsample': 0.7669601348078013}. Best is trial 28 with value: 36.624744538575634.
[I 2026-02-16 23:06:55,754] Trial 32 finished with value: 37.42380761760809 and parameters: {'iterations': 523, 'learning_rate': 0.019753215312991734, 'depth': 5, 'l2_leaf_reg': 3.1777933818319335, 'subsample': 0.7462831088126278}. Best is trial 28 with value: 36.624744538575634.
[I 2026-02-16 23:07:08,116] Trial 33 finished with value: 36.61264655063658 and parameters: {'iterations': 331, 'learning_rate': 0.01790488584075063, 'depth': 4, 'l2_leaf_reg': 8.832058223801413, 'subsample': 0.7365803423499331}. Best is trial 33 with value: 36.61264655063658.
[I 2026-02-16 23:07:26,402] Trial 34 finished with value: 36.67208420413921 and parameters: {'iterations': 314, 'learning_rate': 0.017352079173544477, 'depth': 5, 'l2_leaf_reg': 9.268245286540715, 'subsample': 0.7372768076961015}. Best is trial 33 with value: 36.61264655063658.
[I 2026-02-16 23:08:32,285] Trial 35 finished with value: 37.76635898920564 and parameters: {'iterations': 1012, 'learning_rate': 0.01684738259510819, 'depth': 5, 'l2_leaf_reg': 8.81846421326525, 'subsample': 0.7359795123372707}. Best is trial 33 with value: 36.61264655063658.
[I 2026-02-16 23:09:00,427] Trial 36 finished with value: 37.041904843856464 and parameters: {'iterations': 716, 'learning_rate': 0.015782514956760852, 'depth': 4, 'l2_leaf_reg': 9.128089509170593, 'subsample': 0.7240773547691037}. Best is trial 33 with value: 36.61264655063658.
[I 2026-02-16 23:11:43,861] Trial 37 finished with value: 38.55807514236922 and parameters: {'iterations': 1703, 'learning_rate': 0.015026378437573353, 'depth': 6, 'l2_leaf_reg': 6.880655518578647, 'subsample': 0.7456812447011032}. Best is trial 33 with value: 36.61264655063658.
[I 2026-02-16 23:11:56,158] Trial 38 finished with value: 36.61658956859115 and parameters: {'iterations': 321, 'learning_rate': 0.0175523202744, 'depth': 4, 'l2_leaf_reg': 11.873298107889736, 'subsample': 0.7124814073084498}. Best is trial 33 with value: 36.61264655063658.
[I 2026-02-16 23:12:17,766] Trial 39 finished with value: 37.01446923146089 and parameters: {'iterations': 589, 'learning_rate': 0.019362039210461087, 'depth': 4, 'l2_leaf_reg': 10.114646641231689, 'subsample': 0.7146985334096543}. Best is trial 33 with value: 36.61264655063658.
[fold 5/13] CatBoost tuning complete: 40 trials, best=36.6126 elapsed=38.0min
[fold 5/13] completed in 38.0min

[fold 6/13] n_train=1,800 n_test=200
[fold 6] Running sanity gates...
[fold 6] target_scale_gate: Target scales OK: total_mean=226.4, margin_std=15.6
[fold 6] feature_name_gate: All feature names OK
[fold 6] constant_feature_gate: No constant features found
[fold 6] duplicate_feature_gate: No duplicate features found
[fold 6] leakage_gate: No leakage features detected
[fold 6] Diagnostics:
  - Zero-variance features: 0
  - Near-duplicate pairs: 8
  - Condition number: 1.873508283576408e+16
[fold 6/13] tuning CatBoost...
[I 2026-02-16 23:12:21,519] A new study created in memory with name: no-name-a6f1b98e-b4a0-4307-9b98-b7db15b50916
[I 2026-02-16 23:13:18,829] Trial 0 finished with value: 39.009156053124606 and parameters: {'iterations': 606, 'learning_rate': 0.0484872727063094, 'depth': 6, 'l2_leaf_reg': 3.754266587509804, 'subsample': 0.7915210276518162}. Best is trial 0 with value: 39.009156053124606.
[I 2026-02-16 23:15:54,698] Trial 1 finished with value: 40.756460437788135 and parameters: {'iterations': 2459, 'learning_rate': 0.03263186018605313, 'depth': 5, 'l2_leaf_reg': 7.086452980889725, 'subsample': 0.6993298763549284}. Best is trial 0 with value: 39.009156053124606.
[I 2026-02-16 23:16:36,784] Trial 2 finished with value: 37.930754263186756 and parameters: {'iterations': 991, 'learning_rate': 0.015439964084928582, 'depth': 4, 'l2_leaf_reg': 3.426217930055378, 'subsample': 0.7781711355620852}. Best is trial 2 with value: 37.930754263186756.
[I 2026-02-16 23:18:23,740] Trial 3 finished with value: 38.438895822749856 and parameters: {'iterations': 1170, 'learning_rate': 0.018753494318523585, 'depth': 6, 'l2_leaf_reg': 3.249730583164331, 'subsample': 0.7047095783194938}. Best is trial 2 with value: 37.930754263186756.
[I 2026-02-16 23:23:08,456] Trial 4 finished with value: 39.84183412568094 and parameters: {'iterations': 2877, 'learning_rate': 0.01748061736016353, 'depth': 6, 'l2_leaf_reg': 2.0188586708121163, 'subsample': 0.821358121572873}. Best is trial 2 with value: 37.930754263186756.
[I 2026-02-16 23:26:32,319] Trial 5 finished with value: 40.05567021197204 and parameters: {'iterations': 2179, 'learning_rate': 0.029191515707559585, 'depth': 6, 'l2_leaf_reg': 5.011048848215073, 'subsample': 0.6855224131191581}. Best is trial 2 with value: 37.930754263186756.
[I 2026-02-16 23:27:37,012] Trial 6 finished with value: 39.33990454032265 and parameters: {'iterations': 1750, 'learning_rate': 0.02135674983245694, 'depth': 4, 'l2_leaf_reg': 9.74452399386134, 'subsample': 0.7812821296246892}. Best is trial 2 with value: 37.930754263186756.
[I 2026-02-16 23:29:23,194] Trial 7 finished with value: 41.825440506585764 and parameters: {'iterations': 2845, 'learning_rate': 0.036779627095044565, 'depth': 4, 'l2_leaf_reg': 3.824846816382412, 'subsample': 0.7552807771145634}. Best is trial 2 with value: 37.930754263186756.
[I 2026-02-16 23:30:28,371] Trial 8 finished with value: 39.37299930279225 and parameters: {'iterations': 1777, 'learning_rate': 0.020480684786736498, 'depth': 4, 'l2_leaf_reg': 3.8169558235292644, 'subsample': 0.6780364530561637}. Best is trial 2 with value: 37.930754263186756.
[I 2026-02-16 23:32:33,258] Trial 9 finished with value: 39.40324572888421 and parameters: {'iterations': 1350, 'learning_rate': 0.026474736061581624, 'depth': 6, 'l2_leaf_reg': 2.5959928294192265, 'subsample': 0.752850944353102}. Best is trial 2 with value: 37.930754263186756.
[I 2026-02-16 23:32:53,645] Trial 10 finished with value: 36.81641098969195 and parameters: {'iterations': 331, 'learning_rate': 0.02407526969796971, 'depth': 5, 'l2_leaf_reg': 6.240432927718298, 'subsample': 0.8479648619491835}. Best is trial 10 with value: 36.81641098969195.
[I 2026-02-16 23:33:11,431] Trial 11 finished with value: 36.62061287691369 and parameters: {'iterations': 300, 'learning_rate': 0.015007805207675962, 'depth': 5, 'l2_leaf_reg': 6.049411469332496, 'subsample': 0.8427838738430597}. Best is trial 11 with value: 36.62061287691369.
[I 2026-02-16 23:33:38,089] Trial 12 finished with value: 36.99601176932263 and parameters: {'iterations': 455, 'learning_rate': 0.024207548626487954, 'depth': 5, 'l2_leaf_reg': 6.504463486336389, 'subsample': 0.8466673134824952}. Best is trial 11 with value: 36.62061287691369.
[I 2026-02-16 23:34:22,807] Trial 13 finished with value: 36.94785824625475 and parameters: {'iterations': 780, 'learning_rate': 0.015477552635725922, 'depth': 5, 'l2_leaf_reg': 11.270731240630692, 'subsample': 0.8486324955949655}. Best is trial 11 with value: 36.62061287691369.
