[I 2026-02-17 00:45:32,497] Trial 7 finished with value: 41.863949426223805 and parameters: {'iterations': 2838, 'learning_rate': 0.04198750658502322, 'depth': 6, 'l2_leaf_reg': 6.593096274170971, 'subsample': 0.7286110770010092}. Best is trial 0 with value: 39.0214552759528.
[I 2026-02-17 00:47:23,722] Trial 8 finished with value: 40.961880489275536 and parameters: {'iterations': 1874, 'learning_rate': 0.023628269967393485, 'depth': 5, 'l2_leaf_reg': 3.8219350247424333, 'subsample': 0.683321492996276}. Best is trial 0 with value: 39.0214552759528.
[I 2026-02-17 00:51:49,339] Trial 9 finished with value: 41.17537293576093 and parameters: {'iterations': 2717, 'learning_rate': 0.028843555139242145, 'depth': 6, 'l2_leaf_reg': 5.532127245156089, 'subsample': 0.6513342948318538}. Best is trial 0 with value: 39.0214552759528.
[I 2026-02-17 00:52:22,440] Trial 10 finished with value: 37.101239059930045 and parameters: {'iterations': 519, 'learning_rate': 0.01507964108037888, 'depth': 5, 'l2_leaf_reg': 11.941904844064814, 'subsample': 0.778469613274813}. Best is trial 10 with value: 37.101239059930045.
[I 2026-02-17 00:52:43,647] Trial 11 finished with value: 36.925767758225774 and parameters: {'iterations': 340, 'learning_rate': 0.015366444902028787, 'depth': 5, 'l2_leaf_reg': 11.883509798166806, 'subsample': 0.7844923312658583}. Best is trial 11 with value: 36.925767758225774.
[I 2026-02-17 00:53:07,319] Trial 12 finished with value: 37.00454126711181 and parameters: {'iterations': 390, 'learning_rate': 0.01503458555107956, 'depth': 5, 'l2_leaf_reg': 11.981943444292225, 'subsample': 0.7722146534333151}. Best is trial 11 with value: 36.925767758225774.
[I 2026-02-17 00:53:27,422] Trial 13 finished with value: 36.97943647151194 and parameters: {'iterations': 305, 'learning_rate': 0.015978683861132364, 'depth': 5, 'l2_leaf_reg': 11.859403567264756, 'subsample': 0.7707383597322004}. Best is trial 11 with value: 36.925767758225774.
[I 2026-02-17 00:54:08,856] Trial 14 finished with value: 38.331743962956786 and parameters: {'iterations': 642, 'learning_rate': 0.018748125493904953, 'depth': 5, 'l2_leaf_reg': 2.3839348092569335, 'subsample': 0.7502356149987865}. Best is trial 11 with value: 36.925767758225774.
[I 2026-02-17 00:54:32,223] Trial 15 finished with value: 36.95771179330818 and parameters: {'iterations': 351, 'learning_rate': 0.018370499912400112, 'depth': 5, 'l2_leaf_reg': 8.930153926100628, 'subsample': 0.7966761481931679}. Best is trial 11 with value: 36.925767758225774.
[I 2026-02-17 00:55:49,899] Trial 16 finished with value: 39.61927339005183 and parameters: {'iterations': 1300, 'learning_rate': 0.01871280668793925, 'depth': 5, 'l2_leaf_reg': 7.759170138883709, 'subsample': 0.8010205180193529}. Best is trial 11 with value: 36.925767758225774.
[I 2026-02-17 00:56:19,798] Trial 17 finished with value: 39.08422509354365 and parameters: {'iterations': 775, 'learning_rate': 0.021859005959045018, 'depth': 4, 'l2_leaf_reg': 4.495029856325183, 'subsample': 0.8093609062181991}. Best is trial 11 with value: 36.925767758225774.
[I 2026-02-17 00:56:47,510] Trial 18 finished with value: 37.76831420484212 and parameters: {'iterations': 658, 'learning_rate': 0.01720285955860771, 'depth': 4, 'l2_leaf_reg': 9.583516504538549, 'subsample': 0.7495430139729229}. Best is trial 11 with value: 36.925767758225774.
[I 2026-02-17 00:58:16,035] Trial 19 finished with value: 40.91509945917712 and parameters: {'iterations': 1486, 'learning_rate': 0.024122457302442987, 'depth': 5, 'l2_leaf_reg': 9.71174102459004, 'subsample': 0.8462336556827236}. Best is trial 11 with value: 36.925767758225774.
[I 2026-02-17 00:58:36,164] Trial 20 finished with value: 37.1152118283136 and parameters: {'iterations': 316, 'learning_rate': 0.01739568172558207, 'depth': 5, 'l2_leaf_reg': 2.2229259015764793, 'subsample': 0.7954038190028114}. Best is trial 11 with value: 36.925767758225774.
[I 2026-02-17 00:58:59,124] Trial 21 finished with value: 36.936903201306464 and parameters: {'iterations': 313, 'learning_rate': 0.016047970275783936, 'depth': 5, 'l2_leaf_reg': 11.011357771583953, 'subsample': 0.7622027375823409}. Best is trial 11 with value: 36.925767758225774.
[I 2026-02-17 00:59:45,086] Trial 22 finished with value: 38.02116688532823 and parameters: {'iterations': 758, 'learning_rate': 0.017501740610772375, 'depth': 5, 'l2_leaf_reg': 9.62266758785524, 'subsample': 0.7541580951583579}. Best is trial 11 with value: 36.925767758225774.
[I 2026-02-17 01:00:16,588] Trial 23 finished with value: 37.73224489982185 and parameters: {'iterations': 505, 'learning_rate': 0.020497645423419725, 'depth': 5, 'l2_leaf_reg': 7.351586584744701, 'subsample': 0.7612492643985366}. Best is trial 11 with value: 36.925767758225774.
[I 2026-02-17 01:01:29,072] Trial 24 finished with value: 38.49467319585342 and parameters: {'iterations': 1078, 'learning_rate': 0.01660166516195463, 'depth': 5, 'l2_leaf_reg': 10.575058256064628, 'subsample': 0.7366752413210019}. Best is trial 11 with value: 36.925767758225774.
[I 2026-02-17 01:02:04,566] Trial 25 finished with value: 37.58103109699679 and parameters: {'iterations': 533, 'learning_rate': 0.019056108134343337, 'depth': 5, 'l2_leaf_reg': 8.67429253206211, 'subsample': 0.6986770309493012}. Best is trial 11 with value: 36.925767758225774.
[I 2026-02-17 01:02:44,631] Trial 26 finished with value: 39.12275970710065 and parameters: {'iterations': 897, 'learning_rate': 0.02251645295507742, 'depth': 4, 'l2_leaf_reg': 6.981344581779572, 'subsample': 0.7870034908796634}. Best is trial 11 with value: 36.925767758225774.
[I 2026-02-17 01:04:46,984] Trial 27 finished with value: 39.39017425119343 and parameters: {'iterations': 1226, 'learning_rate': 0.016194060027860023, 'depth': 6, 'l2_leaf_reg': 5.067609998217647, 'subsample': 0.816130423214974}. Best is trial 11 with value: 36.925767758225774.
[I 2026-02-17 01:05:17,948] Trial 28 finished with value: 37.101716518200746 and parameters: {'iterations': 507, 'learning_rate': 0.015096407510773437, 'depth': 5, 'l2_leaf_reg': 10.699691562998668, 'subsample': 0.799048217385833}. Best is trial 11 with value: 36.925767758225774.
[I 2026-02-17 01:06:03,995] Trial 29 finished with value: 38.39698246354536 and parameters: {'iterations': 734, 'learning_rate': 0.02047673209020968, 'depth': 5, 'l2_leaf_reg': 10.321516573783883, 'subsample': 0.7824643705937793}. Best is trial 11 with value: 36.925767758225774.
[I 2026-02-17 01:07:59,554] Trial 30 finished with value: 39.94111334424002 and parameters: {'iterations': 1107, 'learning_rate': 0.02566818090650671, 'depth': 6, 'l2_leaf_reg': 8.802225453000297, 'subsample': 0.835016622639123}. Best is trial 11 with value: 36.925767758225774.
[I 2026-02-17 01:08:23,758] Trial 31 finished with value: 36.940038030303654 and parameters: {'iterations': 320, 'learning_rate': 0.016590807640331665, 'depth': 5, 'l2_leaf_reg': 11.950782234983157, 'subsample': 0.7674537776676855}. Best is trial 11 with value: 36.925767758225774.
[I 2026-02-17 01:08:49,509] Trial 32 finished with value: 36.93968855387715 and parameters: {'iterations': 326, 'learning_rate': 0.018464559408239243, 'depth': 5, 'l2_leaf_reg': 10.99532347567861, 'subsample': 0.7616956363725866}. Best is trial 11 with value: 36.925767758225774.
[I 2026-02-17 01:09:24,241] Trial 33 finished with value: 38.399946817782805 and parameters: {'iterations': 508, 'learning_rate': 0.0321730456321937, 'depth': 5, 'l2_leaf_reg': 10.960150622712783, 'subsample': 0.7637914949746549}. Best is trial 11 with value: 36.925767758225774.
[I 2026-02-17 01:09:46,970] Trial 34 finished with value: 36.91318007102315 and parameters: {'iterations': 306, 'learning_rate': 0.01623915452588388, 'depth': 5, 'l2_leaf_reg': 8.083453931702262, 'subsample': 0.7456392536584828}. Best is trial 34 with value: 36.91318007102315.
[I 2026-02-17 01:10:24,421] Trial 35 finished with value: 38.5076233638393 and parameters: {'iterations': 896, 'learning_rate': 0.019875713046166272, 'depth': 4, 'l2_leaf_reg': 7.9602911041368545, 'subsample': 0.7325059050901297}. Best is trial 34 with value: 36.91318007102315.
[I 2026-02-17 01:10:52,366] Trial 36 finished with value: 37.698146539482394 and parameters: {'iterations': 650, 'learning_rate': 0.01805219614453442, 'depth': 4, 'l2_leaf_reg': 9.466033313366436, 'subsample': 0.7435785930856328}. Best is trial 34 with value: 36.91318007102315.
[I 2026-02-17 01:12:42,262] Trial 37 finished with value: 39.658770189682535 and parameters: {'iterations': 1839, 'learning_rate': 0.01590857613908064, 'depth': 5, 'l2_leaf_reg': 8.173630639808101, 'subsample': 0.703447293930281}. Best is trial 34 with value: 36.91318007102315.
[I 2026-02-17 01:14:52,432] Trial 38 finished with value: 40.37086228226066 and parameters: {'iterations': 2026, 'learning_rate': 0.02176989708428833, 'depth': 5, 'l2_leaf_reg': 10.640918839003156, 'subsample': 0.7167695921326428}. Best is trial 34 with value: 36.91318007102315.
[I 2026-02-17 01:18:46,027] Trial 39 finished with value: 41.648713115368615 and parameters: {'iterations': 2329, 'learning_rate': 0.035013082880952985, 'depth': 6, 'l2_leaf_reg': 7.176540057123672, 'subsample': 0.7568709264336462}. Best is trial 34 with value: 36.91318007102315.
[fold 8/13] CatBoost tuning complete: 40 trials, best=36.9132 elapsed=49.7min
[fold 8/13] completed in 49.8min

[fold 9/13] n_train=2,400 n_test=200
[fold 9] Running sanity gates...
[fold 9] target_scale_gate: Target scales OK: total_mean=226.4, margin_std=15.7
[fold 9] feature_name_gate: All feature names OK
[fold 9] constant_feature_gate: No constant features found
[fold 9] duplicate_feature_gate: No duplicate features found
[fold 9] leakage_gate: No leakage features detected
[fold 9] Diagnostics:
  - Zero-variance features: 0
  - Near-duplicate pairs: 8
  - Condition number: 1.873508283576408e+16
[fold 9/13] tuning CatBoost...
[I 2026-02-17 01:18:51,823] A new study created in memory with name: no-name-8fb42c4c-0e32-4fc7-8532-1cc513c88491
[I 2026-02-17 01:20:08,298] Trial 0 finished with value: 39.76766119368945 and parameters: {'iterations': 1635, 'learning_rate': 0.019740178094690697, 'depth': 4, 'l2_leaf_reg': 4.0685027181228595, 'subsample': 0.7254630195382248}. Best is trial 0 with value: 39.76766119368945.
[I 2026-02-17 01:25:31,162] Trial 1 finished with value: 40.365204134833405 and parameters: {'iterations': 2991, 'learning_rate': 0.024520476134898724, 'depth': 6, 'l2_leaf_reg': 7.813445197271968, 'subsample': 0.7120018697370665}. Best is trial 0 with value: 39.76766119368945.
[I 2026-02-17 01:26:21,411] Trial 2 finished with value: 38.53126169369902 and parameters: {'iterations': 1236, 'learning_rate': 0.022909816226370047, 'depth': 4, 'l2_leaf_reg': 11.426421392753216, 'subsample': 0.831835687598498}. Best is trial 2 with value: 38.53126169369902.
[I 2026-02-17 01:29:22,876] Trial 3 finished with value: 39.7506846304053 and parameters: {'iterations': 1812, 'learning_rate': 0.02188069916510033, 'depth': 6, 'l2_leaf_reg': 6.6980729051875105, 'subsample': 0.7282174895277124}. Best is trial 2 with value: 38.53126169369902.
[I 2026-02-17 01:32:07,353] Trial 4 finished with value: 39.96681342796781 and parameters: {'iterations': 1669, 'learning_rate': 0.028192516347072424, 'depth': 6, 'l2_leaf_reg': 5.56730050514477, 'subsample': 0.7836675137553359}. Best is trial 2 with value: 38.53126169369902.
[I 2026-02-17 01:32:25,754] Trial 5 finished with value: 37.1959839847902 and parameters: {'iterations': 441, 'learning_rate': 0.022238350548566745, 'depth': 4, 'l2_leaf_reg': 2.760343571000051, 'subsample': 0.8351866345002085}. Best is trial 5 with value: 37.1959839847902.
[I 2026-02-17 01:37:07,641] Trial 6 finished with value: 40.588755097211546 and parameters: {'iterations': 2833, 'learning_rate': 0.03543848585421593, 'depth': 6, 'l2_leaf_reg': 4.574456765522205, 'subsample': 0.8362658535211897}. Best is trial 5 with value: 37.1959839847902.
[I 2026-02-17 01:38:33,360] Trial 7 finished with value: 40.114604360287004 and parameters: {'iterations': 1397, 'learning_rate': 0.03414483631481525, 'depth': 5, 'l2_leaf_reg': 5.847360479126387, 'subsample': 0.6944078784159352}. Best is trial 5 with value: 37.1959839847902.
[I 2026-02-17 01:42:06,532] Trial 8 finished with value: 40.4834789363198 and parameters: {'iterations': 2143, 'learning_rate': 0.04317260325258536, 'depth': 6, 'l2_leaf_reg': 4.3370365780944855, 'subsample': 0.8335756438316779}. Best is trial 5 with value: 37.1959839847902.
[I 2026-02-17 01:43:41,561] Trial 9 finished with value: 41.049066838600474 and parameters: {'iterations': 2411, 'learning_rate': 0.03593938606419382, 'depth': 4, 'l2_leaf_reg': 10.328959183975359, 'subsample': 0.7275421987460593}. Best is trial 5 with value: 37.1959839847902.
[I 2026-02-17 01:44:05,476] Trial 10 finished with value: 37.024822023615954 and parameters: {'iterations': 384, 'learning_rate': 0.015107076251536592, 'depth': 5, 'l2_leaf_reg': 2.2313053641666354, 'subsample': 0.6623092838102086}. Best is trial 10 with value: 37.024822023615954.
[I 2026-02-17 01:44:33,309] Trial 11 finished with value: 36.97138093862192 and parameters: {'iterations': 359, 'learning_rate': 0.016243708908260976, 'depth': 5, 'l2_leaf_reg': 2.149947905261153, 'subsample': 0.6547925117881384}. Best is trial 11 with value: 36.97138093862192.
[I 2026-02-17 01:44:57,275] Trial 12 finished with value: 36.99225923949711 and parameters: {'iterations': 366, 'learning_rate': 0.015210198860662853, 'depth': 5, 'l2_leaf_reg': 2.0254529654332463, 'subsample': 0.6503240391062534}. Best is trial 11 with value: 36.97138093862192.
[I 2026-02-17 01:45:49,556] Trial 13 finished with value: 37.71815750705221 and parameters: {'iterations': 843, 'learning_rate': 0.015637545218412024, 'depth': 5, 'l2_leaf_reg': 2.0768830552442985, 'subsample': 0.6513762635753378}. Best is trial 11 with value: 36.97138093862192.
[I 2026-02-17 01:46:40,045] Trial 14 finished with value: 37.90773211349419 and parameters: {'iterations': 827, 'learning_rate': 0.01773580222898076, 'depth': 5, 'l2_leaf_reg': 3.1058588997710896, 'subsample': 0.6764674746772142}. Best is trial 11 with value: 36.97138093862192.
[I 2026-02-17 01:47:30,404] Trial 15 finished with value: 37.98857627424725 and parameters: {'iterations': 802, 'learning_rate': 0.017360610484421585, 'depth': 5, 'l2_leaf_reg': 2.853359469459201, 'subsample': 0.7828896266706642}. Best is trial 11 with value: 36.97138093862192.
[I 2026-02-17 01:48:09,344] Trial 16 finished with value: 37.427862693902945 and parameters: {'iterations': 608, 'learning_rate': 0.018370125553264297, 'depth': 5, 'l2_leaf_reg': 3.4794854026735536, 'subsample': 0.6841928105459856}. Best is trial 11 with value: 36.97138093862192.
[I 2026-02-17 01:49:16,002] Trial 17 finished with value: 39.4913552442651 and parameters: {'iterations': 1090, 'learning_rate': 0.02696116360137506, 'depth': 5, 'l2_leaf_reg': 2.427167085593959, 'subsample': 0.6541686538489051}. Best is trial 11 with value: 36.97138093862192.
[I 2026-02-17 01:49:31,232] Trial 18 finished with value: 38.55952131735949 and parameters: {'iterations': 348, 'learning_rate': 0.04971324557773628, 'depth': 4, 'l2_leaf_reg': 2.0071405432413463, 'subsample': 0.7685512072060358}. Best is trial 11 with value: 36.97138093862192.
[I 2026-02-17 01:50:35,437] Trial 19 finished with value: 38.6067221243064 and parameters: {'iterations': 1052, 'learning_rate': 0.019560330712780797, 'depth': 5, 'l2_leaf_reg': 3.7207616975593103, 'subsample': 0.6996928269109313}. Best is trial 11 with value: 36.97138093862192.
[I 2026-02-17 01:51:14,598] Trial 20 finished with value: 37.43245520640466 and parameters: {'iterations': 647, 'learning_rate': 0.016275825542150124, 'depth': 5, 'l2_leaf_reg': 2.6074451732900177, 'subsample': 0.6731712813384995}. Best is trial 11 with value: 36.97138093862192.
[I 2026-02-17 01:51:37,873] Trial 21 finished with value: 36.978194088063994 and parameters: {'iterations': 329, 'learning_rate': 0.015372831358844798, 'depth': 5, 'l2_leaf_reg': 2.3004289843138443, 'subsample': 0.6650007620428671}. Best is trial 11 with value: 36.97138093862192.
[I 2026-02-17 01:51:59,790] Trial 22 finished with value: 36.99558775803659 and parameters: {'iterations': 351, 'learning_rate': 0.01515356826258479, 'depth': 5, 'l2_leaf_reg': 2.4263058563052153, 'subsample': 0.6607272997266556}. Best is trial 11 with value: 36.97138093862192.
[I 2026-02-17 01:52:36,030] Trial 23 finished with value: 37.30504551843833 and parameters: {'iterations': 573, 'learning_rate': 0.01723540810235118, 'depth': 5, 'l2_leaf_reg': 3.2136721320682406, 'subsample': 0.6789750075435516}. Best is trial 11 with value: 36.97138093862192.
[I 2026-02-17 01:53:19,585] Trial 24 finished with value: 37.94320635263978 and parameters: {'iterations': 710, 'learning_rate': 0.02020757856743341, 'depth': 5, 'l2_leaf_reg': 2.300452251871575, 'subsample': 0.7005564511028836}. Best is trial 11 with value: 36.97138093862192.
[I 2026-02-17 01:54:27,165] Trial 25 finished with value: 38.2804481162509 and parameters: {'iterations': 1099, 'learning_rate': 0.01682014359711675, 'depth': 5, 'l2_leaf_reg': 2.0248855593733706, 'subsample': 0.6503510429757882}. Best is trial 11 with value: 36.97138093862192.
[I 2026-02-17 01:55:06,508] Trial 26 finished with value: 38.53545904228003 and parameters: {'iterations': 964, 'learning_rate': 0.018678966041023724, 'depth': 4, 'l2_leaf_reg': 2.8548917704788335, 'subsample': 0.7468436455146945}. Best is trial 11 with value: 36.97138093862192.
[I 2026-02-17 01:55:58,429] Trial 27 finished with value: 37.38507217185815 and parameters: {'iterations': 528, 'learning_rate': 0.016225273109523482, 'depth': 6, 'l2_leaf_reg': 2.5480091183158207, 'subsample': 0.670350743916265}. Best is trial 11 with value: 36.97138093862192.
[I 2026-02-17 01:56:19,572] Trial 28 finished with value: 36.974638430892426 and parameters: {'iterations': 320, 'learning_rate': 0.021058831922623852, 'depth': 5, 'l2_leaf_reg': 3.181170754995428, 'subsample': 0.6889588620412496}. Best is trial 11 with value: 36.97138093862192.
[I 2026-02-17 01:57:12,069] Trial 29 finished with value: 39.334948296568285 and parameters: {'iterations': 1337, 'learning_rate': 0.02044854187063464, 'depth': 4, 'l2_leaf_reg': 3.9698371306303337, 'subsample': 0.7187795665868635}. Best is trial 11 with value: 36.97138093862192.
[I 2026-02-17 01:58:49,964] Trial 30 finished with value: 39.868768678488266 and parameters: {'iterations': 1545, 'learning_rate': 0.026179033867610824, 'depth': 5, 'l2_leaf_reg': 3.3263705851522345, 'subsample': 0.6905771055998055}. Best is trial 11 with value: 36.97138093862192.
[I 2026-02-17 01:59:13,050] Trial 31 finished with value: 36.965749367378564 and parameters: {'iterations': 307, 'learning_rate': 0.015097131725278117, 'depth': 5, 'l2_leaf_reg': 2.296051078278031, 'subsample': 0.6686860241263652}. Best is trial 31 with value: 36.965749367378564.
[I 2026-02-17 01:59:50,745] Trial 32 finished with value: 37.434494237832986 and parameters: {'iterations': 579, 'learning_rate': 0.01845857630036433, 'depth': 5, 'l2_leaf_reg': 2.9375191632291804, 'subsample': 0.6678641379539281}. Best is trial 31 with value: 36.965749367378564.
[I 2026-02-17 02:00:10,342] Trial 33 finished with value: 37.10890255235169 and parameters: {'iterations': 300, 'learning_rate': 0.02369145374841228, 'depth': 5, 'l2_leaf_reg': 2.3230952098652433, 'subsample': 0.706659741044053}. Best is trial 31 with value: 36.965749367378564.
[I 2026-02-17 02:01:00,103] Trial 34 finished with value: 37.97369634790884 and parameters: {'iterations': 691, 'learning_rate': 0.02078949977287622, 'depth': 5, 'l2_leaf_reg': 2.7199043877707263, 'subsample': 0.6878345970730787}. Best is trial 31 with value: 36.965749367378564.
[I 2026-02-17 02:01:53,780] Trial 35 finished with value: 37.291255384201314 and parameters: {'iterations': 489, 'learning_rate': 0.01646382889287335, 'depth': 6, 'l2_leaf_reg': 3.571199434200756, 'subsample': 0.7424893517136769}. Best is trial 31 with value: 36.965749367378564.
[I 2026-02-17 02:03:22,074] Trial 36 finished with value: 40.33051102841686 and parameters: {'iterations': 2041, 'learning_rate': 0.019307767475324776, 'depth': 4, 'l2_leaf_reg': 2.1934546782606787, 'subsample': 0.7142342891538106}. Best is trial 31 with value: 36.965749367378564.
[I 2026-02-17 02:04:09,950] Trial 37 finished with value: 37.405894995519 and parameters: {'iterations': 480, 'learning_rate': 0.01764989199181847, 'depth': 6, 'l2_leaf_reg': 2.526201985400921, 'subsample': 0.8177046394136174}. Best is trial 31 with value: 36.965749367378564.
[I 2026-02-17 02:05:07,230] Trial 38 finished with value: 38.94535847752293 and parameters: {'iterations': 927, 'learning_rate': 0.030193382128267086, 'depth': 5, 'l2_leaf_reg': 7.526641596868755, 'subsample': 0.6641937668666141}. Best is trial 31 with value: 36.965749367378564.
[I 2026-02-17 02:05:54,483] Trial 39 finished with value: 38.17652145387697 and parameters: {'iterations': 746, 'learning_rate': 0.02169818606493039, 'depth': 5, 'l2_leaf_reg': 3.0229027637347197, 'subsample': 0.6825360947919279}. Best is trial 31 with value: 36.965749367378564.
[fold 9/13] CatBoost tuning complete: 40 trials, best=36.9657 elapsed=47.0min
[fold 9/13] completed in 47.1min

[fold 10/13] n_train=2,600 n_test=200
[fold 10] Running sanity gates...
[fold 10] target_scale_gate: Target scales OK: total_mean=226.6, margin_std=15.8
[fold 10] feature_name_gate: All feature names OK
[fold 10] constant_feature_gate: No constant features found
[fold 10] duplicate_feature_gate: No duplicate features found
[fold 10] leakage_gate: No leakage features detected
[fold 10] Diagnostics:
  - Zero-variance features: 0
  - Near-duplicate pairs: 8
  - Condition number: 1.873508283576408e+16
[fold 10/13] tuning CatBoost...
[I 2026-02-17 02:06:00,039] A new study created in memory with name: no-name-a89add76-9245-4a40-9ac0-cb08cda5ca49
