================================================================================
PHASE 2B: CatBoost Re-tuning and Fair Model Comparison
================================================================================

Configuration:
  Data: data/processed/pregame_clean_v3.parquet
  Phase 2 results: reports/phase2_pregame/fold_metrics.csv
  CatBoost trials: 40
  Timeout: 5400s (90 minutes)
  Skip tuning: False



=== STEP 1: CatBoost Re-tuning ===

Running: /Users/jarrydhawley/Desktop/Predictor/PerryPicks v3/.venv_catboost/bin/python scripts/run_pregame_phase2b_catboost_retuning.py --data data/processed/pregame_clean_v3.parquet --trials 40 --timeout 5400
================================================================================
PHASE 2B: CatBoost Re-tuning and Fair Model Comparison
================================================================================

Date: 2026-02-16 19:58:52.129229

Configuration:
  Data: data/processed/pregame_clean_v3.parquet
  Output: reports/phase2b_catboost_retuning
  Targets: total=total, margin=margin
  Folds: FoldSpec(train_min=800, test_size=200, step_size=200)
  Inner folds: 5
  Target trials: 40 per fold
  Timeout: 5400s (90 minutes)
  Seed: 42

CatBoost search space:
  iterations: [300, 3000]
  learning_rate: [0.015, 0.05] (log)
  depth: [4, 6]
  l2_leaf_reg: [2.0, 12.0] (log)
  subsample: [0.65, 0.85]


Loading data...
Dataset: n_rows=3,520, n_feats=84, state=pregame

Starting walk-forward backtest...
Nested backtest starting  n_rows=3520 n_feats=84 outer_folds=13 inner_folds=5 trials=40 target_total=total target_margin=margin

[fold 1/13] n_train=800 n_test=200
[fold 1] Running sanity gates...
[fold 1] target_scale_gate: Target scales OK: total_mean=230.4, margin_std=15.3
[fold 1] feature_name_gate: All feature names OK
[fold 1] constant_feature_gate: No constant features found
[fold 1] duplicate_feature_gate: No duplicate features found
[fold 1] leakage_gate: No leakage features detected
[fold 1] Diagnostics:
  - Zero-variance features: 0
  - Near-duplicate pairs: 10
  - Condition number: 2.1843801652464294e+17
[fold 1/13] tuning CatBoost...
[I 2026-02-16 19:58:53,058] A new study created in memory with name: no-name-56fabd28-e593-48f9-884c-69bf55a07d80
[I 2026-02-16 20:00:28,458] Trial 0 finished with value: 37.56949574600122 and parameters: {'iterations': 1311, 'learning_rate': 0.047119379497769384, 'depth': 6, 'l2_leaf_reg': 5.8462427412756055, 'subsample': 0.6812037280884873}. Best is trial 0 with value: 37.56949574600122.
[I 2026-02-16 20:01:20,724] Trial 1 finished with value: 35.33489448773315 and parameters: {'iterations': 721, 'learning_rate': 0.016086514149718466, 'depth': 6, 'l2_leaf_reg': 5.872031730223161, 'subsample': 0.7916145155592091}. Best is trial 1 with value: 35.33489448773315.
[I 2026-02-16 20:01:47,046] Trial 2 finished with value: 36.14381219660062 and parameters: {'iterations': 355, 'learning_rate': 0.04822103254591565, 'depth': 6, 'l2_leaf_reg': 2.9259165815356227, 'subsample': 0.6863649934414201}. Best is trial 1 with value: 35.33489448773315.
[I 2026-02-16 20:02:24,039] Trial 3 finished with value: 36.24943436264981 and parameters: {'iterations': 795, 'learning_rate': 0.02163580513718331, 'depth': 5, 'l2_leaf_reg': 4.33659187733839, 'subsample': 0.7082458280396084}. Best is trial 1 with value: 35.33489448773315.
[I 2026-02-16 20:03:19,392] Trial 4 finished with value: 37.582474457451255 and parameters: {'iterations': 1952, 'learning_rate': 0.017743105460380697, 'depth': 4, 'l2_leaf_reg': 3.8558037565613685, 'subsample': 0.7412139968434072}. Best is trial 1 with value: 35.33489448773315.
[I 2026-02-16 20:05:12,977] Trial 5 finished with value: 37.51810720652101 and parameters: {'iterations': 2420, 'learning_rate': 0.019076400678835363, 'depth': 5, 'l2_leaf_reg': 5.781201852496896, 'subsample': 0.6592900825439996}. Best is trial 1 with value: 35.33489448773315.
[I 2026-02-16 20:06:14,896] Trial 6 finished with value: 37.32067996984393 and parameters: {'iterations': 1940, 'learning_rate': 0.018418518680359416, 'depth': 4, 'l2_leaf_reg': 10.949806962888411, 'subsample': 0.8431264066149118}. Best is trial 1 with value: 35.33489448773315.
[I 2026-02-16 20:07:26,170] Trial 7 finished with value: 38.01862108260271 and parameters: {'iterations': 2483, 'learning_rate': 0.02164548515898282, 'depth': 4, 'l2_leaf_reg': 6.815014446610266, 'subsample': 0.7380304987479203}. Best is trial 1 with value: 35.33489448773315.
[I 2026-02-16 20:07:45,297] Trial 8 finished with value: 35.44039458257189 and parameters: {'iterations': 629, 'learning_rate': 0.027227561050620564, 'depth': 4, 'l2_leaf_reg': 10.200437602204502, 'subsample': 0.7017559963200034}. Best is trial 1 with value: 35.33489448773315.
[I 2026-02-16 20:09:16,682] Trial 9 finished with value: 37.39915088436132 and parameters: {'iterations': 2089, 'learning_rate': 0.021831237555056435, 'depth': 5, 'l2_leaf_reg': 5.326639228158821, 'subsample': 0.6869708911051055}. Best is trial 1 with value: 35.33489448773315.
[I 2026-02-16 20:10:48,691] Trial 10 finished with value: 36.303333050554485 and parameters: {'iterations': 1264, 'learning_rate': 0.015108698631728104, 'depth': 6, 'l2_leaf_reg': 2.0654136916289234, 'subsample': 0.8167263331319901}. Best is trial 1 with value: 35.33489448773315.
[I 2026-02-16 20:11:06,526] Trial 11 finished with value: 35.10761155543298 and parameters: {'iterations': 404, 'learning_rate': 0.03206494846288213, 'depth': 5, 'l2_leaf_reg': 10.022194708823834, 'subsample': 0.793303603590295}. Best is trial 11 with value: 35.10761155543298.
[I 2026-02-16 20:11:51,019] Trial 12 finished with value: 36.92997688580042 and parameters: {'iterations': 967, 'learning_rate': 0.03472316151405389, 'depth': 5, 'l2_leaf_reg': 8.288949923489486, 'subsample': 0.787722831141641}. Best is trial 11 with value: 35.10761155543298.
[I 2026-02-16 20:12:14,656] Trial 13 finished with value: 35.04158019786156 and parameters: {'iterations': 332, 'learning_rate': 0.03275285151342456, 'depth': 6, 'l2_leaf_reg': 8.384396337253833, 'subsample': 0.7791712881406483}. Best is trial 13 with value: 35.04158019786156.
[I 2026-02-16 20:12:35,729] Trial 14 finished with value: 35.713857543435225 and parameters: {'iterations': 463, 'learning_rate': 0.034406087689443816, 'depth': 5, 'l2_leaf_reg': 8.229293692100898, 'subsample': 0.7755285890511899}. Best is trial 13 with value: 35.04158019786156.
[I 2026-02-16 20:16:03,878] Trial 15 finished with value: 37.50386672578932 and parameters: {'iterations': 2908, 'learning_rate': 0.03335718935004939, 'depth': 6, 'l2_leaf_reg': 11.71337479152329, 'subsample': 0.7626366439719664}. Best is trial 13 with value: 35.04158019786156.
[I 2026-02-16 20:16:54,252] Trial 16 finished with value: 36.9917697235174 and parameters: {'iterations': 1114, 'learning_rate': 0.02860935449212682, 'depth': 5, 'l2_leaf_reg': 8.478525790861648, 'subsample': 0.8119157836706228}. Best is trial 13 with value: 35.04158019786156.
[I 2026-02-16 20:18:05,916] Trial 17 finished with value: 37.705528923124355 and parameters: {'iterations': 1546, 'learning_rate': 0.04071181786285658, 'depth': 5, 'l2_leaf_reg': 9.239932727121989, 'subsample': 0.8492033978722426}. Best is trial 13 with value: 35.04158019786156.
[I 2026-02-16 20:18:34,636] Trial 18 finished with value: 35.193625200228176 and parameters: {'iterations': 377, 'learning_rate': 0.028431824232698313, 'depth': 6, 'l2_leaf_reg': 6.9615351086914075, 'subsample': 0.8141930263924746}. Best is trial 13 with value: 35.04158019786156.
[I 2026-02-16 20:20:28,038] Trial 19 finished with value: 37.53491170455154 and parameters: {'iterations': 1582, 'learning_rate': 0.04014049862892354, 'depth': 6, 'l2_leaf_reg': 7.278589254174902, 'subsample': 0.7290086585107752}. Best is trial 13 with value: 35.04158019786156.
[I 2026-02-16 20:21:10,729] Trial 20 finished with value: 36.31726359864999 and parameters: {'iterations': 942, 'learning_rate': 0.02471770718057434, 'depth': 5, 'l2_leaf_reg': 9.673896351993227, 'subsample': 0.7600156830873803}. Best is trial 13 with value: 35.04158019786156.
[I 2026-02-16 20:21:34,635] Trial 21 finished with value: 35.09744478389032 and parameters: {'iterations': 323, 'learning_rate': 0.02999477243777907, 'depth': 6, 'l2_leaf_reg': 6.952692976005864, 'subsample': 0.8219299750391102}. Best is trial 13 with value: 35.04158019786156.
[I 2026-02-16 20:21:58,059] Trial 22 finished with value: 34.95262704132909 and parameters: {'iterations': 301, 'learning_rate': 0.031657049300989455, 'depth': 6, 'l2_leaf_reg': 7.501206940183866, 'subsample': 0.8261156966834454}. Best is trial 22 with value: 34.95262704132909.
[I 2026-02-16 20:22:43,884] Trial 23 finished with value: 36.70124453672985 and parameters: {'iterations': 618, 'learning_rate': 0.03828282236871087, 'depth': 6, 'l2_leaf_reg': 4.744508157607962, 'subsample': 0.8260699772970094}. Best is trial 22 with value: 34.95262704132909.
[I 2026-02-16 20:23:21,528] Trial 24 finished with value: 35.88894376181667 and parameters: {'iterations': 531, 'learning_rate': 0.030567423170955312, 'depth': 6, 'l2_leaf_reg': 6.864284392642848, 'subsample': 0.8291941806887306}. Best is trial 22 with value: 34.95262704132909.
[I 2026-02-16 20:23:44,591] Trial 25 finished with value: 34.543552342318705 and parameters: {'iterations': 301, 'learning_rate': 0.025145771857404582, 'depth': 6, 'l2_leaf_reg': 7.652070600734046, 'subsample': 0.8004252160435406}. Best is trial 25 with value: 34.543552342318705.
[I 2026-02-16 20:24:44,349] Trial 26 finished with value: 36.09246807430794 and parameters: {'iterations': 833, 'learning_rate': 0.025318674361051553, 'depth': 6, 'l2_leaf_reg': 8.183263037249493, 'subsample': 0.8017774507568562}. Best is trial 25 with value: 34.543552342318705.
[I 2026-02-16 20:25:32,890] Trial 27 finished with value: 35.984177085427085 and parameters: {'iterations': 665, 'learning_rate': 0.024426208202499584, 'depth': 6, 'l2_leaf_reg': 3.782937378781222, 'subsample': 0.7750429486363566}. Best is trial 25 with value: 34.543552342318705.
[I 2026-02-16 20:27:00,116] Trial 28 finished with value: 37.1966686284227 and parameters: {'iterations': 1204, 'learning_rate': 0.03717355912887263, 'depth': 6, 'l2_leaf_reg': 7.652948812445394, 'subsample': 0.8388275203069735}. Best is trial 25 with value: 34.543552342318705.
[I 2026-02-16 20:28:44,355] Trial 29 finished with value: 37.3722603201671 and parameters: {'iterations': 1404, 'learning_rate': 0.04255458652959656, 'depth': 6, 'l2_leaf_reg': 5.869159308186161, 'subsample': 0.776485450553169}. Best is trial 25 with value: 34.543552342318705.
[I 2026-02-16 20:30:00,387] Trial 30 finished with value: 36.26905545369661 and parameters: {'iterations': 1059, 'learning_rate': 0.026423500290821293, 'depth': 6, 'l2_leaf_reg': 11.567050405765494, 'subsample': 0.8055339330055821}. Best is trial 25 with value: 34.543552342318705.
[I 2026-02-16 20:30:22,174] Trial 31 finished with value: 34.95321136079028 and parameters: {'iterations': 306, 'learning_rate': 0.03085920208994339, 'depth': 6, 'l2_leaf_reg': 6.430544263754822, 'subsample': 0.8283741690684062}. Best is trial 25 with value: 34.543552342318705.
[I 2026-02-16 20:31:01,868] Trial 32 finished with value: 36.29800778893094 and parameters: {'iterations': 539, 'learning_rate': 0.03076995781045505, 'depth': 6, 'l2_leaf_reg': 6.25140121851345, 'subsample': 0.8333522212115364}. Best is trial 25 with value: 34.543552342318705.
[I 2026-02-16 20:31:24,122] Trial 33 finished with value: 34.72528958739614 and parameters: {'iterations': 314, 'learning_rate': 0.02328542665582837, 'depth': 6, 'l2_leaf_reg': 5.150433517097183, 'subsample': 0.7920398683129924}. Best is trial 25 with value: 34.543552342318705.
[I 2026-02-16 20:32:24,749] Trial 34 finished with value: 36.23895016071997 and parameters: {'iterations': 793, 'learning_rate': 0.02407020485524789, 'depth': 6, 'l2_leaf_reg': 5.044996976101731, 'subsample': 0.7964100931023363}. Best is trial 25 with value: 34.543552342318705.
[I 2026-02-16 20:33:02,182] Trial 35 finished with value: 35.28748771163443 and parameters: {'iterations': 508, 'learning_rate': 0.020657513177335628, 'depth': 6, 'l2_leaf_reg': 4.080042915668114, 'subsample': 0.8066748053499311}. Best is trial 25 with value: 34.543552342318705.
[I 2026-02-16 20:33:53,640] Trial 36 finished with value: 36.278757146989165 and parameters: {'iterations': 723, 'learning_rate': 0.023432277526905403, 'depth': 6, 'l2_leaf_reg': 3.2432219412530117, 'subsample': 0.8339206620815205}. Best is trial 25 with value: 34.543552342318705.
[I 2026-02-16 20:34:16,992] Trial 37 finished with value: 34.64299541221014 and parameters: {'iterations': 314, 'learning_rate': 0.022863354045664502, 'depth': 6, 'l2_leaf_reg': 4.58047407981717, 'subsample': 0.7561004967199023}. Best is trial 25 with value: 34.543552342318705.
[I 2026-02-16 20:35:19,439] Trial 38 finished with value: 36.07887829941391 and parameters: {'iterations': 868, 'learning_rate': 0.01972190165353733, 'depth': 6, 'l2_leaf_reg': 3.41197660094394, 'subsample': 0.7540898177669612}. Best is trial 25 with value: 34.543552342318705.
[I 2026-02-16 20:35:57,549] Trial 39 finished with value: 35.561484547922475 and parameters: {'iterations': 525, 'learning_rate': 0.022857808567560107, 'depth': 6, 'l2_leaf_reg': 4.537992073482943, 'subsample': 0.7293444206739674}. Best is trial 25 with value: 34.543552342318705.
[fold 1/13] CatBoost tuning complete: 40 trials, best=34.5436 elapsed=37.1min
[fold 1/13] completed in 37.2min

[fold 2/13] n_train=1,000 n_test=200
[fold 2] Running sanity gates...
[fold 2] target_scale_gate: Target scales OK: total_mean=229.3, margin_std=15.6
[fold 2] feature_name_gate: All feature names OK
[fold 2] constant_feature_gate: No constant features found
[fold 2] duplicate_feature_gate: No duplicate features found
[fold 2] leakage_gate: No leakage features detected
[fold 2] Diagnostics:
  - Zero-variance features: 0
  - Near-duplicate pairs: 10
  - Condition number: 1.873508283576408e+16
[fold 2/13] tuning CatBoost...
[I 2026-02-16 20:36:03,900] A new study created in memory with name: no-name-7b8bf3f9-482d-410d-b4b9-5baf4c7ffe46
[I 2026-02-16 20:36:23,793] Trial 0 finished with value: 38.23204399850671 and parameters: {'iterations': 610, 'learning_rate': 0.03122908119957831, 'depth': 4, 'l2_leaf_reg': 3.077833407494213, 'subsample': 0.715427811162228}. Best is trial 0 with value: 38.23204399850671.
[I 2026-02-16 20:38:32,508] Trial 1 finished with value: 40.22683964182956 and parameters: {'iterations': 2620, 'learning_rate': 0.033448425088170045, 'depth': 5, 'l2_leaf_reg': 2.106721558098912, 'subsample': 0.7967496592560566}. Best is trial 0 with value: 38.23204399850671.
[I 2026-02-16 20:39:14,907] Trial 2 finished with value: 39.78043661419778 and parameters: {'iterations': 1366, 'learning_rate': 0.03939713585866735, 'depth': 4, 'l2_leaf_reg': 2.2145989019555588, 'subsample': 0.8233297281798401}. Best is trial 0 with value: 38.23204399850671.
[I 2026-02-16 20:39:43,363] Trial 3 finished with value: 38.479748704358784 and parameters: {'iterations': 896, 'learning_rate': 0.0244259595466983, 'depth': 4, 'l2_leaf_reg': 2.2944847286903887, 'subsample': 0.8186449388459409}. Best is trial 0 with value: 38.23204399850671.
[I 2026-02-16 20:41:47,879] Trial 4 finished with value: 40.078179419338625 and parameters: {'iterations': 2592, 'learning_rate': 0.04831140936703353, 'depth': 5, 'l2_leaf_reg': 11.06028005264361, 'subsample': 0.7391516721679438}. Best is trial 0 with value: 38.23204399850671.
[I 2026-02-16 20:44:38,085] Trial 5 finished with value: 38.73847589307787 and parameters: {'iterations': 2108, 'learning_rate': 0.016566424345463876, 'depth': 6, 'l2_leaf_reg': 3.411314752081041, 'subsample': 0.7024609645192763}. Best is trial 0 with value: 38.23204399850671.
[I 2026-02-16 20:44:53,238] Trial 6 finished with value: 37.170230849621944 and parameters: {'iterations': 313, 'learning_rate': 0.028848305510023837, 'depth': 5, 'l2_leaf_reg': 6.254966219321503, 'subsample': 0.8456408268164012}. Best is trial 6 with value: 37.170230849621944.
[I 2026-02-16 20:47:06,485] Trial 7 finished with value: 40.24901891732204 and parameters: {'iterations': 2754, 'learning_rate': 0.044873604647331325, 'depth': 5, 'l2_leaf_reg': 2.40975267785891, 'subsample': 0.6861829190515802}. Best is trial 6 with value: 37.170230849621944.
[I 2026-02-16 20:50:51,236] Trial 8 finished with value: 39.220974614883026 and parameters: {'iterations': 2874, 'learning_rate': 0.02463160537729129, 'depth': 6, 'l2_leaf_reg': 6.669381893954056, 'subsample': 0.7757571591764323}. Best is trial 6 with value: 37.170230849621944.
[I 2026-02-16 20:51:32,648] Trial 9 finished with value: 39.61445126581496 and parameters: {'iterations': 1044, 'learning_rate': 0.04415514815365152, 'depth': 4, 'l2_leaf_reg': 4.1277980469427975, 'subsample': 0.8487144984788206}. Best is trial 6 with value: 37.170230849621944.
[I 2026-02-16 20:51:49,695] Trial 10 finished with value: 36.766055562091424 and parameters: {'iterations': 315, 'learning_rate': 0.01891457998166587, 'depth': 5, 'l2_leaf_reg': 6.479998138137086, 'subsample': 0.6548157158288594}. Best is trial 10 with value: 36.766055562091424.
[I 2026-02-16 20:52:07,168] Trial 11 finished with value: 36.80851054464178 and parameters: {'iterations': 325, 'learning_rate': 0.018746335621656406, 'depth': 5, 'l2_leaf_reg': 6.625983369825892, 'subsample': 0.6530473774097463}. Best is trial 10 with value: 36.766055562091424.
[I 2026-02-16 20:52:37,338] Trial 12 finished with value: 37.128361701561744 and parameters: {'iterations': 338, 'learning_rate': 0.017227802693264967, 'depth': 6, 'l2_leaf_reg': 9.058422239215663, 'subsample': 0.6520321042244515}. Best is trial 10 with value: 36.766055562091424.
[I 2026-02-16 20:54:04,920] Trial 13 finished with value: 38.95552346568732 and parameters: {'iterations': 1724, 'learning_rate': 0.0202361889853489, 'depth': 5, 'l2_leaf_reg': 5.87216258524512, 'subsample': 0.6603600770798506}. Best is trial 10 with value: 36.766055562091424.
[I 2026-02-16 20:54:44,740] Trial 14 finished with value: 37.86891660693159 and parameters: {'iterations': 834, 'learning_rate': 0.020184443900014476, 'depth': 5, 'l2_leaf_reg': 7.716908123114737, 'subsample': 0.6778887298947662}. Best is trial 10 with value: 36.766055562091424.
[I 2026-02-16 20:55:54,521] Trial 15 finished with value: 38.71654061155711 and parameters: {'iterations': 1365, 'learning_rate': 0.019826357969163256, 'depth': 5, 'l2_leaf_reg': 4.804759337521167, 'subsample': 0.7390793596322446}. Best is trial 10 with value: 36.766055562091424.
[I 2026-02-16 20:56:46,625] Trial 16 finished with value: 37.12654172381063 and parameters: {'iterations': 552, 'learning_rate': 0.015080433190007575, 'depth': 6, 'l2_leaf_reg': 8.764774316536752, 'subsample': 0.7109474075854268}. Best is trial 10 with value: 36.766055562091424.
[I 2026-02-16 20:57:46,172] Trial 17 finished with value: 38.676628995431756 and parameters: {'iterations': 1189, 'learning_rate': 0.023280364338124106, 'depth': 5, 'l2_leaf_reg': 4.9744707954531195, 'subsample': 0.6700661618066558}. Best is trial 10 with value: 36.766055562091424.
[I 2026-02-16 21:00:10,613] Trial 18 finished with value: 38.57511973339236 and parameters: {'iterations': 1782, 'learning_rate': 0.0180076212510051, 'depth': 6, 'l2_leaf_reg': 11.53544467477487, 'subsample': 0.6915201128593694}. Best is trial 10 with value: 36.766055562091424.
[I 2026-02-16 21:00:29,123] Trial 19 finished with value: 37.45776503274984 and parameters: {'iterations': 605, 'learning_rate': 0.022879075672454865, 'depth': 4, 'l2_leaf_reg': 7.5410775880729775, 'subsample': 0.7652664784504977}. Best is trial 10 with value: 36.766055562091424.
[I 2026-02-16 21:01:10,289] Trial 20 finished with value: 37.573635751628146 and parameters: {'iterations': 804, 'learning_rate': 0.015497767027399887, 'depth': 5, 'l2_leaf_reg': 5.467823975772162, 'subsample': 0.6512201867917549}. Best is trial 10 with value: 36.766055562091424.
[I 2026-02-16 21:01:54,797] Trial 21 finished with value: 37.38681823316805 and parameters: {'iterations': 565, 'learning_rate': 0.018337692083464804, 'depth': 6, 'l2_leaf_reg': 8.377962924178163, 'subsample': 0.717671879514492}. Best is trial 10 with value: 36.766055562091424.
[I 2026-02-16 21:02:23,978] Trial 22 finished with value: 37.01983346315681 and parameters: {'iterations': 357, 'learning_rate': 0.015232692040927689, 'depth': 6, 'l2_leaf_reg': 9.709440321613048, 'subsample': 0.6725100389812202}. Best is trial 10 with value: 36.766055562091424.
[I 2026-02-16 21:02:39,665] Trial 23 finished with value: 36.80923009166794 and parameters: {'iterations': 306, 'learning_rate': 0.02099802111971935, 'depth': 5, 'l2_leaf_reg': 9.661097706316019, 'subsample': 0.67482748230614}. Best is trial 10 with value: 36.766055562091424.
[I 2026-02-16 21:04:42,272] Trial 24 finished with value: 39.05362125065486 and parameters: {'iterations': 2186, 'learning_rate': 0.021677738549677184, 'depth': 5, 'l2_leaf_reg': 6.895130870017894, 'subsample': 0.6969868490637814}. Best is trial 10 with value: 36.766055562091424.
[I 2026-02-16 21:05:19,765] Trial 25 finished with value: 38.038231539187876 and parameters: {'iterations': 724, 'learning_rate': 0.027968372857235156, 'depth': 5, 'l2_leaf_reg': 10.33199861920376, 'subsample': 0.6643603574799188}. Best is trial 10 with value: 36.766055562091424.
[I 2026-02-16 21:06:13,853] Trial 26 finished with value: 38.222767179621236 and parameters: {'iterations': 1076, 'learning_rate': 0.018769013056428197, 'depth': 5, 'l2_leaf_reg': 7.725863261560691, 'subsample': 0.6768166227965701}. Best is trial 10 with value: 36.766055562091424.
[I 2026-02-16 21:06:28,304] Trial 27 finished with value: 37.33140426388099 and parameters: {'iterations': 466, 'learning_rate': 0.02596541836960397, 'depth': 4, 'l2_leaf_reg': 4.7674540328623145, 'subsample': 0.6500789941843879}. Best is trial 10 with value: 36.766055562091424.
