[I 2026-02-16 23:34:42,765] Trial 14 finished with value: 37.172714927741566 and parameters: {'iterations': 334, 'learning_rate': 0.03820025898143472, 'depth': 5, 'l2_leaf_reg': 6.157541528679526, 'subsample': 0.8137164673273928}. Best is trial 11 with value: 36.62061287691369.
[I 2026-02-16 23:35:32,729] Trial 15 finished with value: 37.99491708596211 and parameters: {'iterations': 863, 'learning_rate': 0.023020754678669583, 'depth': 5, 'l2_leaf_reg': 8.305951324166367, 'subsample': 0.8190646749174954}. Best is trial 11 with value: 36.62061287691369.
[I 2026-02-16 23:35:51,187] Trial 16 finished with value: 36.64447091076436 and parameters: {'iterations': 311, 'learning_rate': 0.018059528000809004, 'depth': 5, 'l2_leaf_reg': 5.550788284491463, 'subsample': 0.6529100851664429}. Best is trial 11 with value: 36.62061287691369.
[I 2026-02-16 23:37:09,571] Trial 17 finished with value: 38.46356241661508 and parameters: {'iterations': 1344, 'learning_rate': 0.017726761563776134, 'depth': 5, 'l2_leaf_reg': 4.782260017902167, 'subsample': 0.6525219374731178}. Best is trial 11 with value: 36.62061287691369.
[I 2026-02-16 23:37:36,076] Trial 18 finished with value: 36.84611931242178 and parameters: {'iterations': 655, 'learning_rate': 0.015681972560018485, 'depth': 4, 'l2_leaf_reg': 5.119878164156203, 'subsample': 0.7362450226169586}. Best is trial 11 with value: 36.62061287691369.
[I 2026-02-16 23:38:36,535] Trial 19 finished with value: 37.964620483773494 and parameters: {'iterations': 1058, 'learning_rate': 0.019295555569814403, 'depth': 5, 'l2_leaf_reg': 8.399493280955502, 'subsample': 0.7272333614363206}. Best is trial 11 with value: 36.62061287691369.
[I 2026-02-16 23:40:30,535] Trial 20 finished with value: 39.322036658586555 and parameters: {'iterations': 2025, 'learning_rate': 0.01687637266282929, 'depth': 5, 'l2_leaf_reg': 4.758729519830053, 'subsample': 0.7177882003546895}. Best is trial 11 with value: 36.62061287691369.
[I 2026-02-16 23:40:48,719] Trial 21 finished with value: 36.73821357313715 and parameters: {'iterations': 307, 'learning_rate': 0.02243483559267209, 'depth': 5, 'l2_leaf_reg': 5.726439911330814, 'subsample': 0.8321330628131043}. Best is trial 11 with value: 36.62061287691369.
[I 2026-02-16 23:41:22,202] Trial 22 finished with value: 37.08436424845134 and parameters: {'iterations': 563, 'learning_rate': 0.020956162769013107, 'depth': 5, 'l2_leaf_reg': 7.57104154515736, 'subsample': 0.802511857385285}. Best is trial 11 with value: 36.62061287691369.
[I 2026-02-16 23:41:47,035] Trial 23 finished with value: 36.708829955092064 and parameters: {'iterations': 308, 'learning_rate': 0.017202675998521027, 'depth': 5, 'l2_leaf_reg': 5.6167669364901815, 'subsample': 0.8327719707455943}. Best is trial 11 with value: 36.62061287691369.
[I 2026-02-16 23:42:34,060] Trial 24 finished with value: 37.49101991896448 and parameters: {'iterations': 799, 'learning_rate': 0.017199780512632584, 'depth': 5, 'l2_leaf_reg': 4.3943490285789215, 'subsample': 0.6528506979148404}. Best is trial 11 with value: 36.62061287691369.
[I 2026-02-16 23:43:05,567] Trial 25 finished with value: 36.778121229320604 and parameters: {'iterations': 546, 'learning_rate': 0.01508072912524295, 'depth': 5, 'l2_leaf_reg': 5.675447038234731, 'subsample': 0.7709666097411112}. Best is trial 11 with value: 36.62061287691369.
[I 2026-02-16 23:43:57,674] Trial 26 finished with value: 38.49678391524177 and parameters: {'iterations': 1409, 'learning_rate': 0.019044856200297788, 'depth': 4, 'l2_leaf_reg': 9.255117059144585, 'subsample': 0.7973083692714302}. Best is trial 11 with value: 36.62061287691369.
[I 2026-02-16 23:45:06,826] Trial 27 finished with value: 37.33525525765033 and parameters: {'iterations': 725, 'learning_rate': 0.01683925262261644, 'depth': 6, 'l2_leaf_reg': 7.137942041445869, 'subsample': 0.8324932310888449}. Best is trial 11 with value: 36.62061287691369.
[I 2026-02-16 23:46:01,091] Trial 28 finished with value: 38.75064284434933 and parameters: {'iterations': 957, 'learning_rate': 0.026118178499348995, 'depth': 5, 'l2_leaf_reg': 4.225210215428794, 'subsample': 0.6678599521279311}. Best is trial 11 with value: 36.62061287691369.
[I 2026-02-16 23:46:46,925] Trial 29 finished with value: 38.628347668032646 and parameters: {'iterations': 486, 'learning_rate': 0.04289961932360489, 'depth': 6, 'l2_leaf_reg': 2.972313295189832, 'subsample': 0.8015140499180957}. Best is trial 11 with value: 36.62061287691369.
[I 2026-02-16 23:47:53,019] Trial 30 finished with value: 38.74907075569132 and parameters: {'iterations': 1146, 'learning_rate': 0.019516366803396995, 'depth': 5, 'l2_leaf_reg': 5.479271863824155, 'subsample': 0.7658245201188114}. Best is trial 11 with value: 36.62061287691369.
[I 2026-02-16 23:48:14,060] Trial 31 finished with value: 36.764793522575744 and parameters: {'iterations': 342, 'learning_rate': 0.02234369735946211, 'depth': 5, 'l2_leaf_reg': 5.8539184742037325, 'subsample': 0.8308284662846599}. Best is trial 11 with value: 36.62061287691369.
[I 2026-02-16 23:48:32,289] Trial 32 finished with value: 36.81727561644791 and parameters: {'iterations': 300, 'learning_rate': 0.02972504375142651, 'depth': 5, 'l2_leaf_reg': 6.633769590852362, 'subsample': 0.8320641334335466}. Best is trial 11 with value: 36.62061287691369.
[I 2026-02-16 23:49:07,950] Trial 33 finished with value: 37.0538600320089 and parameters: {'iterations': 613, 'learning_rate': 0.01635819078980286, 'depth': 5, 'l2_leaf_reg': 4.254774329878658, 'subsample': 0.8088411504226454}. Best is trial 11 with value: 36.62061287691369.
[I 2026-02-16 23:49:37,676] Trial 34 finished with value: 36.85282530162527 and parameters: {'iterations': 460, 'learning_rate': 0.01827664401333036, 'depth': 5, 'l2_leaf_reg': 5.3868529287132585, 'subsample': 0.8335786227950519}. Best is trial 11 with value: 36.62061287691369.
[I 2026-02-16 23:50:16,265] Trial 35 finished with value: 37.25355485866122 and parameters: {'iterations': 663, 'learning_rate': 0.01990243193619433, 'depth': 5, 'l2_leaf_reg': 7.264316603101586, 'subsample': 0.7939990071961758}. Best is trial 11 with value: 36.62061287691369.
[I 2026-02-16 23:51:36,999] Trial 36 finished with value: 37.47909774691509 and parameters: {'iterations': 868, 'learning_rate': 0.016387172513388684, 'depth': 6, 'l2_leaf_reg': 8.048046927777511, 'subsample': 0.8246066895408373}. Best is trial 11 with value: 36.62061287691369.
[I 2026-02-16 23:53:10,425] Trial 37 finished with value: 41.33388582812213 and parameters: {'iterations': 2551, 'learning_rate': 0.04861851487426215, 'depth': 4, 'l2_leaf_reg': 6.692028579521135, 'subsample': 0.7057926236647357}. Best is trial 11 with value: 36.62061287691369.
[I 2026-02-16 23:53:39,897] Trial 38 finished with value: 36.92433723398082 and parameters: {'iterations': 505, 'learning_rate': 0.018205092870273, 'depth': 5, 'l2_leaf_reg': 5.846789986326529, 'subsample': 0.7880871471438807}. Best is trial 11 with value: 36.62061287691369.
[I 2026-02-16 23:53:56,962] Trial 39 finished with value: 36.79839894636021 and parameters: {'iterations': 420, 'learning_rate': 0.02282121870161607, 'depth': 4, 'l2_leaf_reg': 4.732252059940811, 'subsample': 0.8398804570169186}. Best is trial 11 with value: 36.62061287691369.
[fold 6/13] CatBoost tuning complete: 40 trials, best=36.6206 elapsed=41.6min
[fold 6/13] completed in 41.7min

[fold 7/13] n_train=2,000 n_test=200
[fold 7] Running sanity gates...
[fold 7] target_scale_gate: Target scales OK: total_mean=226.4, margin_std=15.6
[fold 7] feature_name_gate: All feature names OK
[fold 7] constant_feature_gate: No constant features found
[fold 7] duplicate_feature_gate: No duplicate features found
[fold 7] leakage_gate: No leakage features detected
[fold 7] Diagnostics:
  - Zero-variance features: 0
  - Near-duplicate pairs: 8
  - Condition number: 1.873508283576408e+16
[fold 7/13] tuning CatBoost...
[I 2026-02-16 23:54:02,027] A new study created in memory with name: no-name-ef467631-1d00-4841-9f79-b0140a030729
[I 2026-02-16 23:54:15,829] Trial 0 finished with value: 38.030210037315065 and parameters: {'iterations': 347, 'learning_rate': 0.04388094485382544, 'depth': 4, 'l2_leaf_reg': 3.41726640932161, 'subsample': 0.8084068521310859}. Best is trial 0 with value: 38.030210037315065.
[I 2026-02-16 23:55:24,902] Trial 1 finished with value: 39.947124186769614 and parameters: {'iterations': 1176, 'learning_rate': 0.04248444420806536, 'depth': 5, 'l2_leaf_reg': 5.341162396744071, 'subsample': 0.7214343989659979}. Best is trial 0 with value: 38.030210037315065.
[I 2026-02-16 23:56:00,661] Trial 2 finished with value: 37.17757248278368 and parameters: {'iterations': 603, 'learning_rate': 0.017794519498577042, 'depth': 5, 'l2_leaf_reg': 7.423715553719161, 'subsample': 0.7420202456392543}. Best is trial 2 with value: 37.17757248278368.
[I 2026-02-16 23:57:52,738] Trial 3 finished with value: 39.9724362194152 and parameters: {'iterations': 1901, 'learning_rate': 0.02249840748557341, 'depth': 5, 'l2_leaf_reg': 2.796685985193861, 'subsample': 0.7317670426553421}. Best is trial 2 with value: 37.17757248278368.
[I 2026-02-16 23:58:18,469] Trial 4 finished with value: 37.331269300025006 and parameters: {'iterations': 656, 'learning_rate': 0.015685394787968508, 'depth': 4, 'l2_leaf_reg': 2.931693475410115, 'subsample': 0.7590458527429496}. Best is trial 2 with value: 37.17757248278368.
[I 2026-02-17 00:00:38,183] Trial 5 finished with value: 40.62443711902266 and parameters: {'iterations': 2069, 'learning_rate': 0.030475858306586452, 'depth': 5, 'l2_leaf_reg': 3.643055555111522, 'subsample': 0.7261144877393882}. Best is trial 2 with value: 37.17757248278368.
[I 2026-02-17 00:01:36,450] Trial 6 finished with value: 39.25573291254076 and parameters: {'iterations': 1384, 'learning_rate': 0.03398566521197761, 'depth': 4, 'l2_leaf_reg': 8.219084045514855, 'subsample': 0.6574854111248689}. Best is trial 2 with value: 37.17757248278368.
[I 2026-02-17 00:04:46,602] Trial 7 finished with value: 39.401869893781054 and parameters: {'iterations': 1957, 'learning_rate': 0.01801375670426513, 'depth': 6, 'l2_leaf_reg': 3.2046190170660416, 'subsample': 0.8043938459596298}. Best is trial 2 with value: 37.17757248278368.
[I 2026-02-17 00:06:27,731] Trial 8 finished with value: 38.93326955495005 and parameters: {'iterations': 1076, 'learning_rate': 0.03287309179456051, 'depth': 6, 'l2_leaf_reg': 10.369121269697985, 'subsample': 0.6829566760458666}. Best is trial 2 with value: 37.17757248278368.
[I 2026-02-17 00:08:37,408] Trial 9 finished with value: 38.40420090608072 and parameters: {'iterations': 1212, 'learning_rate': 0.016718040044816588, 'depth': 6, 'l2_leaf_reg': 6.7624873131183545, 'subsample': 0.831833133951064}. Best is trial 2 with value: 37.17757248278368.
[I 2026-02-17 00:11:04,012] Trial 10 finished with value: 39.48829215058252 and parameters: {'iterations': 2426, 'learning_rate': 0.022778457509107876, 'depth': 5, 'l2_leaf_reg': 11.608336800580307, 'subsample': 0.7822644306145764}. Best is trial 2 with value: 37.17757248278368.
[I 2026-02-17 00:11:18,843] Trial 11 finished with value: 36.64841671287794 and parameters: {'iterations': 340, 'learning_rate': 0.015077111190895793, 'depth': 4, 'l2_leaf_reg': 2.0296042584133995, 'subsample': 0.7656247969839453}. Best is trial 11 with value: 36.64841671287794.
[I 2026-02-17 00:11:35,614] Trial 12 finished with value: 36.93149492991063 and parameters: {'iterations': 416, 'learning_rate': 0.019839020640240502, 'depth': 4, 'l2_leaf_reg': 2.16404457913643, 'subsample': 0.7584135532859836}. Best is trial 11 with value: 36.64841671287794.
[I 2026-02-17 00:13:37,636] Trial 13 finished with value: 41.042673668586815 and parameters: {'iterations': 2993, 'learning_rate': 0.021769215167227567, 'depth': 4, 'l2_leaf_reg': 2.1260212662051314, 'subsample': 0.7749366583806576}. Best is trial 11 with value: 36.64841671287794.
[I 2026-02-17 00:14:09,743] Trial 14 finished with value: 37.996656641126336 and parameters: {'iterations': 783, 'learning_rate': 0.01980211362467663, 'depth': 4, 'l2_leaf_reg': 2.0297998742672165, 'subsample': 0.6983081621980604}. Best is trial 11 with value: 36.64841671287794.
[I 2026-02-17 00:14:25,469] Trial 15 finished with value: 36.66323281425043 and parameters: {'iterations': 365, 'learning_rate': 0.015118730082681341, 'depth': 4, 'l2_leaf_reg': 2.449995996838447, 'subsample': 0.84580399143865}. Best is trial 11 with value: 36.64841671287794.
[I 2026-02-17 00:15:06,275] Trial 16 finished with value: 37.637915978330554 and parameters: {'iterations': 876, 'learning_rate': 0.015230489047672068, 'depth': 4, 'l2_leaf_reg': 4.511491160035304, 'subsample': 0.8454573230433121}. Best is trial 11 with value: 36.64841671287794.
[I 2026-02-17 00:15:22,585] Trial 17 finished with value: 37.299568322463216 and parameters: {'iterations': 374, 'learning_rate': 0.0264525313762939, 'depth': 4, 'l2_leaf_reg': 2.5988526797189255, 'subsample': 0.8165975421184731}. Best is trial 11 with value: 36.64841671287794.
[I 2026-02-17 00:16:23,659] Trial 18 finished with value: 39.73032168583816 and parameters: {'iterations': 1579, 'learning_rate': 0.026003146690131363, 'depth': 4, 'l2_leaf_reg': 4.232863503551527, 'subsample': 0.7925351881307159}. Best is trial 11 with value: 36.64841671287794.
[I 2026-02-17 00:17:19,272] Trial 19 finished with value: 38.37440109412529 and parameters: {'iterations': 932, 'learning_rate': 0.019505499474394897, 'depth': 5, 'l2_leaf_reg': 2.5926039622971424, 'subsample': 0.8326169461889078}. Best is trial 11 with value: 36.64841671287794.
[I 2026-02-17 00:19:43,702] Trial 20 finished with value: 39.18418351048318 and parameters: {'iterations': 2486, 'learning_rate': 0.015095116060435804, 'depth': 5, 'l2_leaf_reg': 5.5061890804324705, 'subsample': 0.7009539324535854}. Best is trial 11 with value: 36.64841671287794.
[I 2026-02-17 00:19:57,602] Trial 21 finished with value: 36.76843466469204 and parameters: {'iterations': 352, 'learning_rate': 0.019391749801177173, 'depth': 4, 'l2_leaf_reg': 2.289226648115276, 'subsample': 0.7648094231148647}. Best is trial 11 with value: 36.64841671287794.
[I 2026-02-17 00:20:20,605] Trial 22 finished with value: 37.32463449897629 and parameters: {'iterations': 596, 'learning_rate': 0.016974900167442995, 'depth': 4, 'l2_leaf_reg': 2.3887725109238724, 'subsample': 0.7649893020951943}. Best is trial 11 with value: 36.64841671287794.
[I 2026-02-17 00:20:34,931] Trial 23 finished with value: 36.68404542445192 and parameters: {'iterations': 317, 'learning_rate': 0.01818235398718787, 'depth': 4, 'l2_leaf_reg': 2.38555315940933, 'subsample': 0.7917915420974798}. Best is trial 11 with value: 36.64841671287794.
[I 2026-02-17 00:20:57,382] Trial 24 finished with value: 37.199714820172986 and parameters: {'iterations': 591, 'learning_rate': 0.01685165756359139, 'depth': 4, 'l2_leaf_reg': 3.8788877785736693, 'subsample': 0.7900359253830437}. Best is trial 11 with value: 36.64841671287794.
[I 2026-02-17 00:21:32,690] Trial 25 finished with value: 37.88266509321788 and parameters: {'iterations': 931, 'learning_rate': 0.015461310692692182, 'depth': 4, 'l2_leaf_reg': 3.077826440199495, 'subsample': 0.8233073052052613}. Best is trial 11 with value: 36.64841671287794.
[I 2026-02-17 00:21:46,567] Trial 26 finished with value: 36.8287970208802 and parameters: {'iterations': 316, 'learning_rate': 0.024307558209574694, 'depth': 4, 'l2_leaf_reg': 2.4692705507205517, 'subsample': 0.8470161503201737}. Best is trial 11 with value: 36.64841671287794.
[I 2026-02-17 00:22:29,685] Trial 27 finished with value: 38.00577650479236 and parameters: {'iterations': 726, 'learning_rate': 0.018186117035520918, 'depth': 5, 'l2_leaf_reg': 2.044047045768632, 'subsample': 0.7956712238015136}. Best is trial 11 with value: 36.64841671287794.
[I 2026-02-17 00:22:50,890] Trial 28 finished with value: 37.3947300790795 and parameters: {'iterations': 525, 'learning_rate': 0.02086985602928673, 'depth': 4, 'l2_leaf_reg': 2.7219384349629667, 'subsample': 0.7734409052950055}. Best is trial 11 with value: 36.64841671287794.
[I 2026-02-17 00:23:47,968] Trial 29 finished with value: 41.03700805909405 and parameters: {'iterations': 1526, 'learning_rate': 0.04997541202068597, 'depth': 4, 'l2_leaf_reg': 3.440424919016027, 'subsample': 0.8079694157783164}. Best is trial 11 with value: 36.64841671287794.
[I 2026-02-17 00:24:01,251] Trial 30 finished with value: 36.6239753215716 and parameters: {'iterations': 309, 'learning_rate': 0.016518778223577543, 'depth': 4, 'l2_leaf_reg': 3.0810453913995244, 'subsample': 0.746025663693037}. Best is trial 30 with value: 36.6239753215716.
[I 2026-02-17 00:24:13,677] Trial 31 finished with value: 36.63847745688607 and parameters: {'iterations': 306, 'learning_rate': 0.016251726375112033, 'depth': 4, 'l2_leaf_reg': 2.2937936012410773, 'subsample': 0.7370165480888037}. Best is trial 30 with value: 36.6239753215716.
[I 2026-02-17 00:24:32,634] Trial 32 finished with value: 36.8488317572904 and parameters: {'iterations': 479, 'learning_rate': 0.01572548218161407, 'depth': 4, 'l2_leaf_reg': 3.00268735318316, 'subsample': 0.7396915309990205}. Best is trial 30 with value: 36.6239753215716.
[I 2026-02-17 00:25:02,964] Trial 33 finished with value: 37.74241373300159 and parameters: {'iterations': 795, 'learning_rate': 0.016590186746881137, 'depth': 4, 'l2_leaf_reg': 2.0071822632930494, 'subsample': 0.7074306187146228}. Best is trial 30 with value: 36.6239753215716.
[I 2026-02-17 00:26:06,291] Trial 34 finished with value: 38.47589760799514 and parameters: {'iterations': 1084, 'learning_rate': 0.016676981374521147, 'depth': 5, 'l2_leaf_reg': 2.303582534704218, 'subsample': 0.7504888095076585}. Best is trial 30 with value: 36.6239753215716.
[I 2026-02-17 00:26:27,673] Trial 35 finished with value: 37.11547173343955 and parameters: {'iterations': 518, 'learning_rate': 0.018226444397059647, 'depth': 4, 'l2_leaf_reg': 2.8317398573225763, 'subsample': 0.7197327580655213}. Best is trial 30 with value: 36.6239753215716.
[I 2026-02-17 00:26:53,947] Trial 36 finished with value: 38.98617907716606 and parameters: {'iterations': 690, 'learning_rate': 0.03729395289034645, 'depth': 4, 'l2_leaf_reg': 5.06053478616944, 'subsample': 0.7433753404925264}. Best is trial 30 with value: 36.6239753215716.
[I 2026-02-17 00:27:12,290] Trial 37 finished with value: 37.75246821789245 and parameters: {'iterations': 471, 'learning_rate': 0.028791531073859088, 'depth': 4, 'l2_leaf_reg': 3.2355320237244003, 'subsample': 0.7275296166284163}. Best is trial 30 with value: 36.6239753215716.
[I 2026-02-17 00:28:28,287] Trial 38 finished with value: 38.2510502102898 and parameters: {'iterations': 1264, 'learning_rate': 0.015023507692087512, 'depth': 5, 'l2_leaf_reg': 3.711264333186358, 'subsample': 0.6693745425149338}. Best is trial 30 with value: 36.6239753215716.
[I 2026-02-17 00:28:57,711] Trial 39 finished with value: 37.30220125997922 and parameters: {'iterations': 652, 'learning_rate': 0.016051882221806296, 'depth': 4, 'l2_leaf_reg': 2.704746043215008, 'subsample': 0.7135335641712955}. Best is trial 30 with value: 36.6239753215716.
[fold 7/13] CatBoost tuning complete: 40 trials, best=36.6240 elapsed=34.9min
[fold 7/13] completed in 35.0min

[fold 8/13] n_train=2,200 n_test=200
[fold 8] Running sanity gates...
[fold 8] target_scale_gate: Target scales OK: total_mean=226.4, margin_std=15.7
[fold 8] feature_name_gate: All feature names OK
[fold 8] constant_feature_gate: No constant features found
[fold 8] duplicate_feature_gate: No duplicate features found
[fold 8] leakage_gate: No leakage features detected
[fold 8] Diagnostics:
  - Zero-variance features: 0
  - Near-duplicate pairs: 8
  - Condition number: 1.873508283576408e+16
[fold 8/13] tuning CatBoost...
[I 2026-02-17 00:29:01,575] A new study created in memory with name: no-name-f4867587-5a2d-4ad1-8ccb-19ade8f28181
[I 2026-02-17 00:30:50,457] Trial 0 finished with value: 39.0214552759528 and parameters: {'iterations': 1112, 'learning_rate': 0.02019643144720243, 'depth': 6, 'l2_leaf_reg': 9.881715041488158, 'subsample': 0.7866553519949974}. Best is trial 0 with value: 39.0214552759528.
[I 2026-02-17 00:32:00,575] Trial 1 finished with value: 42.069072114115 and parameters: {'iterations': 1831, 'learning_rate': 0.028979313440532315, 'depth': 4, 'l2_leaf_reg': 7.943563975092569, 'subsample': 0.8292460201913947}. Best is trial 0 with value: 39.0214552759528.
[I 2026-02-17 00:34:14,649] Trial 2 finished with value: 41.97819335187394 and parameters: {'iterations': 2249, 'learning_rate': 0.027345942897155494, 'depth': 5, 'l2_leaf_reg': 8.422525106268608, 'subsample': 0.8189662611479839}. Best is trial 0 with value: 39.0214552759528.
[I 2026-02-17 00:34:51,209] Trial 3 finished with value: 41.53237934881127 and parameters: {'iterations': 918, 'learning_rate': 0.04777362715884137, 'depth': 4, 'l2_leaf_reg': 3.361767771995309, 'subsample': 0.7124328284221935}. Best is trial 0 with value: 39.0214552759528.
[I 2026-02-17 00:38:22,316] Trial 4 finished with value: 41.667390169301214 and parameters: {'iterations': 2195, 'learning_rate': 0.035162916757310404, 'depth': 6, 'l2_leaf_reg': 5.927721827627159, 'subsample': 0.7210454579653098}. Best is trial 0 with value: 39.0214552759528.
[I 2026-02-17 00:39:17,639] Trial 5 finished with value: 41.98935827196861 and parameters: {'iterations': 1436, 'learning_rate': 0.04467665181091013, 'depth': 4, 'l2_leaf_reg': 3.4415011086977567, 'subsample': 0.6652095256686623}. Best is trial 0 with value: 39.0214552759528.
[I 2026-02-17 00:40:56,283] Trial 6 finished with value: 40.92952521468689 and parameters: {'iterations': 979, 'learning_rate': 0.04489968084873122, 'depth': 6, 'l2_leaf_reg': 6.264171575811022, 'subsample': 0.8480214282339991}. Best is trial 0 with value: 39.0214552759528.
