[I 2026-02-17 02:08:16,895] Trial 0 finished with value: 38.94246157402004 and parameters: {'iterations': 2125, 'learning_rate': 0.01582961341401712, 'depth': 5, 'l2_leaf_reg': 6.341248192228032, 'subsample': 0.7068425997480579}. Best is trial 0 with value: 38.94246157402004.
[I 2026-02-17 02:11:28,654] Trial 1 finished with value: 40.01236419839731 and parameters: {'iterations': 2864, 'learning_rate': 0.01813567143585857, 'depth': 5, 'l2_leaf_reg': 5.756179291479025, 'subsample': 0.7475591582625681}. Best is trial 0 with value: 38.94246157402004.
[I 2026-02-17 02:12:17,952] Trial 2 finished with value: 37.79800374644394 and parameters: {'iterations': 770, 'learning_rate': 0.019506272317269882, 'depth': 5, 'l2_leaf_reg': 3.12922375939398, 'subsample': 0.7320495972203213}. Best is trial 2 with value: 37.79800374644394.
[I 2026-02-17 02:12:37,117] Trial 3 finished with value: 36.96455525908963 and parameters: {'iterations': 428, 'learning_rate': 0.022144597253440867, 'depth': 4, 'l2_leaf_reg': 4.4424928290912336, 'subsample': 0.6620549611257073}. Best is trial 3 with value: 36.96455525908963.
[I 2026-02-17 02:15:07,408] Trial 4 finished with value: 40.81397250356291 and parameters: {'iterations': 2338, 'learning_rate': 0.03606771786038147, 'depth': 5, 'l2_leaf_reg': 7.1899265274523385, 'subsample': 0.7664712161100375}. Best is trial 3 with value: 36.96455525908963.
[I 2026-02-17 02:18:45,774] Trial 5 finished with value: 40.33330169769313 and parameters: {'iterations': 2026, 'learning_rate': 0.03907363114894124, 'depth': 6, 'l2_leaf_reg': 3.744351652163877, 'subsample': 0.7115799454615969}. Best is trial 3 with value: 36.96455525908963.
[I 2026-02-17 02:21:59,202] Trial 6 finished with value: 39.515127289011595 and parameters: {'iterations': 1930, 'learning_rate': 0.023479001945163953, 'depth': 6, 'l2_leaf_reg': 7.157433227476422, 'subsample': 0.7346053640459929}. Best is trial 3 with value: 36.96455525908963.
[I 2026-02-17 02:25:07,144] Trial 7 finished with value: 40.15819323187448 and parameters: {'iterations': 2669, 'learning_rate': 0.01534899411260864, 'depth': 5, 'l2_leaf_reg': 2.7078593593472458, 'subsample': 0.8185749456388374}. Best is trial 3 with value: 36.96455525908963.
[I 2026-02-17 02:26:11,458] Trial 8 finished with value: 38.925514788674334 and parameters: {'iterations': 636, 'learning_rate': 0.036690076680286475, 'depth': 6, 'l2_leaf_reg': 2.733557528099842, 'subsample': 0.7042825896343257}. Best is trial 3 with value: 36.96455525908963.
[I 2026-02-17 02:28:04,158] Trial 9 finished with value: 41.00475440405836 and parameters: {'iterations': 2788, 'learning_rate': 0.03278881124340403, 'depth': 4, 'l2_leaf_reg': 4.207189801983797, 'subsample': 0.6828837381182893}. Best is trial 3 with value: 36.96455525908963.
[I 2026-02-17 02:28:50,752] Trial 10 finished with value: 38.26433854484027 and parameters: {'iterations': 1173, 'learning_rate': 0.0268559220437717, 'depth': 4, 'l2_leaf_reg': 11.425743883877777, 'subsample': 0.6649242019537397}. Best is trial 3 with value: 36.96455525908963.
[I 2026-02-17 02:29:07,411] Trial 11 finished with value: 36.94609711174785 and parameters: {'iterations': 304, 'learning_rate': 0.0206282332591366, 'depth': 4, 'l2_leaf_reg': 2.1529949223048344, 'subsample': 0.7949906875005186}. Best is trial 11 with value: 36.94609711174785.
[I 2026-02-17 02:29:21,501] Trial 12 finished with value: 36.910515063922595 and parameters: {'iterations': 312, 'learning_rate': 0.022492541945641712, 'depth': 4, 'l2_leaf_reg': 2.0959720596021865, 'subsample': 0.7949176813161519}. Best is trial 12 with value: 36.910515063922595.
[I 2026-02-17 02:30:11,171] Trial 13 finished with value: 40.98716126032751 and parameters: {'iterations': 1237, 'learning_rate': 0.04951788091294821, 'depth': 4, 'l2_leaf_reg': 2.2476647918232673, 'subsample': 0.8054662547311677}. Best is trial 12 with value: 36.910515063922595.
[I 2026-02-17 02:30:57,706] Trial 14 finished with value: 39.34427513379264 and parameters: {'iterations': 1131, 'learning_rate': 0.02606276117648213, 'depth': 4, 'l2_leaf_reg': 2.0021151878837156, 'subsample': 0.7873241250127344}. Best is trial 12 with value: 36.910515063922595.
[I 2026-02-17 02:31:12,738] Trial 15 finished with value: 36.897951330759255 and parameters: {'iterations': 350, 'learning_rate': 0.02020937667624608, 'depth': 4, 'l2_leaf_reg': 2.3239413026142253, 'subsample': 0.8385244475818231}. Best is trial 15 with value: 36.897951330759255.
[I 2026-02-17 02:32:13,966] Trial 16 finished with value: 40.37290149420729 and parameters: {'iterations': 1498, 'learning_rate': 0.02996307314841352, 'depth': 4, 'l2_leaf_reg': 3.3880849101767745, 'subsample': 0.8473578370377046}. Best is trial 15 with value: 36.897951330759255.
[I 2026-02-17 02:32:45,622] Trial 17 finished with value: 37.55652496201712 and parameters: {'iterations': 738, 'learning_rate': 0.018497048502435227, 'depth': 4, 'l2_leaf_reg': 2.621295788776548, 'subsample': 0.8479900656828233}. Best is trial 15 with value: 36.897951330759255.
[I 2026-02-17 02:33:23,119] Trial 18 finished with value: 37.850503982202156 and parameters: {'iterations': 944, 'learning_rate': 0.02324380254966312, 'depth': 4, 'l2_leaf_reg': 9.945612365672412, 'subsample': 0.8262469077079461}. Best is trial 15 with value: 36.897951330759255.
[I 2026-02-17 02:35:03,898] Trial 19 finished with value: 39.97879067097255 and parameters: {'iterations': 1612, 'learning_rate': 0.025327181944624688, 'depth': 5, 'l2_leaf_reg': 2.4371937154713654, 'subsample': 0.7718977212924378}. Best is trial 15 with value: 36.897951330759255.
[I 2026-02-17 02:35:38,638] Trial 20 finished with value: 37.094294327969905 and parameters: {'iterations': 504, 'learning_rate': 0.01665188903281397, 'depth': 5, 'l2_leaf_reg': 3.4376683647520387, 'subsample': 0.8270994590486307}. Best is trial 15 with value: 36.897951330759255.
[I 2026-02-17 02:35:54,210] Trial 21 finished with value: 36.99593385522312 and parameters: {'iterations': 351, 'learning_rate': 0.020559241691456898, 'depth': 4, 'l2_leaf_reg': 2.1433522664941527, 'subsample': 0.800070224980858}. Best is trial 15 with value: 36.897951330759255.
[I 2026-02-17 02:36:08,227] Trial 22 finished with value: 36.91755524279159 and parameters: {'iterations': 302, 'learning_rate': 0.02125649456050996, 'depth': 4, 'l2_leaf_reg': 2.9698659326357384, 'subsample': 0.7798819906980459}. Best is trial 15 with value: 36.897951330759255.
[I 2026-02-17 02:36:46,276] Trial 23 finished with value: 38.257747508572166 and parameters: {'iterations': 910, 'learning_rate': 0.021992763400319016, 'depth': 4, 'l2_leaf_reg': 2.9236703764839254, 'subsample': 0.7762438516492446}. Best is trial 15 with value: 36.897951330759255.
[I 2026-02-17 02:37:11,129] Trial 24 finished with value: 37.05916029555603 and parameters: {'iterations': 607, 'learning_rate': 0.017170514962945724, 'depth': 4, 'l2_leaf_reg': 2.442163474489474, 'subsample': 0.8156189140829682}. Best is trial 15 with value: 36.897951330759255.
[I 2026-02-17 02:37:25,222] Trial 25 finished with value: 36.897281054452506 and parameters: {'iterations': 306, 'learning_rate': 0.02420250435789851, 'depth': 4, 'l2_leaf_reg': 3.8859747876061608, 'subsample': 0.7525023322993989}. Best is trial 25 with value: 36.897281054452506.
[I 2026-02-17 02:38:04,951] Trial 26 finished with value: 38.75757767726138 and parameters: {'iterations': 916, 'learning_rate': 0.02932439849366103, 'depth': 4, 'l2_leaf_reg': 5.114455971554578, 'subsample': 0.7536888165370259}. Best is trial 25 with value: 36.897281054452506.
[I 2026-02-17 02:38:45,620] Trial 27 finished with value: 37.8532049534998 and parameters: {'iterations': 624, 'learning_rate': 0.024464829436012376, 'depth': 5, 'l2_leaf_reg': 3.9310459787092062, 'subsample': 0.8342094666489984}. Best is trial 25 with value: 36.897281054452506.
[I 2026-02-17 02:39:39,328] Trial 28 finished with value: 40.04996400002704 and parameters: {'iterations': 1339, 'learning_rate': 0.028669035316224997, 'depth': 4, 'l2_leaf_reg': 3.334672582022346, 'subsample': 0.8092927566135004}. Best is trial 25 with value: 36.897281054452506.
[I 2026-02-17 02:40:12,928] Trial 29 finished with value: 37.09696428833449 and parameters: {'iterations': 521, 'learning_rate': 0.019182043306127917, 'depth': 5, 'l2_leaf_reg': 5.236510993760137, 'subsample': 0.7523199798561027}. Best is trial 25 with value: 36.897281054452506.
[I 2026-02-17 02:40:46,529] Trial 30 finished with value: 37.585502950501656 and parameters: {'iterations': 817, 'learning_rate': 0.016919178108275878, 'depth': 4, 'l2_leaf_reg': 2.3871876567663057, 'subsample': 0.8364767726746913}. Best is trial 25 with value: 36.897281054452506.
[I 2026-02-17 02:41:02,125] Trial 31 finished with value: 36.92580468967002 and parameters: {'iterations': 334, 'learning_rate': 0.02129175759668537, 'depth': 4, 'l2_leaf_reg': 2.916485099222649, 'subsample': 0.7840204416437602}. Best is trial 25 with value: 36.897281054452506.
[I 2026-02-17 02:41:22,208] Trial 32 finished with value: 37.28738476846368 and parameters: {'iterations': 486, 'learning_rate': 0.023404929566572145, 'depth': 4, 'l2_leaf_reg': 2.0314690850166905, 'subsample': 0.7614452493975215}. Best is trial 25 with value: 36.897281054452506.
[I 2026-02-17 02:41:36,643] Trial 33 finished with value: 36.89917869415989 and parameters: {'iterations': 308, 'learning_rate': 0.019772016906662276, 'depth': 4, 'l2_leaf_reg': 3.041844873544751, 'subsample': 0.7375385231501269}. Best is trial 25 with value: 36.897281054452506.
[I 2026-02-17 02:42:21,023] Trial 34 finished with value: 37.53178354843021 and parameters: {'iterations': 684, 'learning_rate': 0.019195117916020417, 'depth': 5, 'l2_leaf_reg': 4.4118602479908935, 'subsample': 0.7339613863764934}. Best is trial 25 with value: 36.897281054452506.
[I 2026-02-17 02:43:02,387] Trial 35 finished with value: 37.89914893191809 and parameters: {'iterations': 1015, 'learning_rate': 0.01796445693819205, 'depth': 4, 'l2_leaf_reg': 3.8283950329677623, 'subsample': 0.7179106059629653}. Best is trial 25 with value: 36.897281054452506.
[I 2026-02-17 02:43:22,186] Trial 36 finished with value: 36.9476971382524 and parameters: {'iterations': 448, 'learning_rate': 0.020465916087936454, 'depth': 4, 'l2_leaf_reg': 2.5690480904920565, 'subsample': 0.7422163228974545}. Best is trial 25 with value: 36.897281054452506.
[I 2026-02-17 02:44:54,378] Trial 37 finished with value: 39.82877018403606 and parameters: {'iterations': 2285, 'learning_rate': 0.0226525459282289, 'depth': 4, 'l2_leaf_reg': 5.8528734277732415, 'subsample': 0.6989842379455099}. Best is trial 25 with value: 36.897281054452506.
[I 2026-02-17 02:46:47,476] Trial 38 finished with value: 40.077655243514414 and parameters: {'iterations': 1836, 'learning_rate': 0.02464123508451199, 'depth': 5, 'l2_leaf_reg': 3.1056876894341707, 'subsample': 0.7251541451856347}. Best is trial 25 with value: 36.897281054452506.
[I 2026-02-17 02:47:41,182] Trial 39 finished with value: 37.368734951125106 and parameters: {'iterations': 503, 'learning_rate': 0.01619054531790618, 'depth': 6, 'l2_leaf_reg': 2.270270396231258, 'subsample': 0.7646370774618059}. Best is trial 25 with value: 36.897281054452506.
[fold 10/13] CatBoost tuning complete: 40 trials, best=36.8973 elapsed=41.7min
[fold 10/13] completed in 41.8min

[fold 11/13] n_train=2,800 n_test=200
[fold 11] Running sanity gates...
[fold 11] target_scale_gate: Target scales OK: total_mean=226.4, margin_std=15.9
[fold 11] feature_name_gate: All feature names OK
[fold 11] constant_feature_gate: No constant features found
[fold 11] duplicate_feature_gate: No duplicate features found
[fold 11] leakage_gate: No leakage features detected
[fold 11] Diagnostics:
  - Zero-variance features: 0
  - Near-duplicate pairs: 8
  - Condition number: 1.873508283576408e+16
[fold 11/13] tuning CatBoost...
[I 2026-02-17 02:47:45,552] A new study created in memory with name: no-name-45b72f78-6ac8-41f7-9f06-b728f4b0cbd3
[I 2026-02-17 02:49:28,606] Trial 0 finished with value: 39.78699970912511 and parameters: {'iterations': 2523, 'learning_rate': 0.015479174511608577, 'depth': 4, 'l2_leaf_reg': 6.056973432663564, 'subsample': 0.6696568930673799}. Best is trial 0 with value: 39.78699970912511.
[I 2026-02-17 02:52:51,891] Trial 1 finished with value: 38.96435571470044 and parameters: {'iterations': 1974, 'learning_rate': 0.016005502348752927, 'depth': 6, 'l2_leaf_reg': 11.586501951668936, 'subsample': 0.7542255300542448}. Best is trial 1 with value: 38.96435571470044.
[I 2026-02-17 02:56:18,406] Trial 2 finished with value: 41.199476616264455 and parameters: {'iterations': 2019, 'learning_rate': 0.037667466665948834, 'depth': 6, 'l2_leaf_reg': 4.227197622412948, 'subsample': 0.8037610612647486}. Best is trial 1 with value: 38.96435571470044.
[I 2026-02-17 02:58:47,592] Trial 3 finished with value: 41.206884635259094 and parameters: {'iterations': 1443, 'learning_rate': 0.04574368343567539, 'depth': 6, 'l2_leaf_reg': 3.870295943497792, 'subsample': 0.821781971070564}. Best is trial 1 with value: 38.96435571470044.
[I 2026-02-17 02:59:46,262] Trial 4 finished with value: 39.068320665417204 and parameters: {'iterations': 1327, 'learning_rate': 0.01681670188654398, 'depth': 4, 'l2_leaf_reg': 4.207751295350039, 'subsample': 0.798454789770076}. Best is trial 1 with value: 38.96435571470044.
[I 2026-02-17 03:03:37,455] Trial 5 finished with value: 39.757860841266755 and parameters: {'iterations': 2077, 'learning_rate': 0.0191141747074991, 'depth': 6, 'l2_leaf_reg': 8.184083211696043, 'subsample': 0.7289879275808226}. Best is trial 1 with value: 38.96435571470044.
[I 2026-02-17 03:05:22,475] Trial 6 finished with value: 40.76880512123064 and parameters: {'iterations': 1679, 'learning_rate': 0.03911885739224073, 'depth': 5, 'l2_leaf_reg': 7.572659704326349, 'subsample': 0.6657498146643552}. Best is trial 1 with value: 38.96435571470044.
[I 2026-02-17 03:06:29,171] Trial 7 finished with value: 39.42613223080871 and parameters: {'iterations': 1617, 'learning_rate': 0.025306020099809725, 'depth': 4, 'l2_leaf_reg': 9.365194425995332, 'subsample': 0.6540045118235971}. Best is trial 1 with value: 38.96435571470044.
[I 2026-02-17 03:08:05,693] Trial 8 finished with value: 38.60609564952707 and parameters: {'iterations': 1517, 'learning_rate': 0.01588135932738616, 'depth': 5, 'l2_leaf_reg': 9.317213789541933, 'subsample': 0.7169631312830369}. Best is trial 8 with value: 38.60609564952707.
[I 2026-02-17 03:09:58,163] Trial 9 finished with value: 40.72054888622777 and parameters: {'iterations': 2735, 'learning_rate': 0.01739188075552977, 'depth': 4, 'l2_leaf_reg': 8.198508379472038, 'subsample': 0.7829878115658189}. Best is trial 8 with value: 38.60609564952707.
[I 2026-02-17 03:10:33,369] Trial 10 finished with value: 37.74718533323662 and parameters: {'iterations': 526, 'learning_rate': 0.023006737964347785, 'depth': 5, 'l2_leaf_reg': 2.071237038984866, 'subsample': 0.7138658564210801}. Best is trial 10 with value: 37.74718533323662.
[I 2026-02-17 03:11:00,104] Trial 11 finished with value: 37.433339652612084 and parameters: {'iterations': 414, 'learning_rate': 0.023783094949359925, 'depth': 5, 'l2_leaf_reg': 2.0700429320851397, 'subsample': 0.7144519986667145}. Best is trial 11 with value: 37.433339652612084.
[I 2026-02-17 03:11:23,983] Trial 12 finished with value: 37.258438934003884 and parameters: {'iterations': 342, 'learning_rate': 0.023775100668977145, 'depth': 5, 'l2_leaf_reg': 2.168681819327413, 'subsample': 0.7011390708794297}. Best is trial 12 with value: 37.258438934003884.
[I 2026-02-17 03:11:51,704] Trial 13 finished with value: 37.87880268670489 and parameters: {'iterations': 420, 'learning_rate': 0.02871368375957253, 'depth': 5, 'l2_leaf_reg': 2.047365654832152, 'subsample': 0.6975505564342374}. Best is trial 12 with value: 37.258438934003884.
[I 2026-02-17 03:12:50,684] Trial 14 finished with value: 38.91474043373 and parameters: {'iterations': 863, 'learning_rate': 0.021904961427473467, 'depth': 5, 'l2_leaf_reg': 2.7366146987859823, 'subsample': 0.7611535585826167}. Best is trial 12 with value: 37.258438934003884.
[I 2026-02-17 03:13:49,938] Trial 15 finished with value: 39.27034261565788 and parameters: {'iterations': 910, 'learning_rate': 0.02780243964820714, 'depth': 5, 'l2_leaf_reg': 2.9963890638716526, 'subsample': 0.6938100005241095}. Best is trial 12 with value: 37.258438934003884.
[I 2026-02-17 03:14:43,356] Trial 16 finished with value: 39.61215425125454 and parameters: {'iterations': 853, 'learning_rate': 0.03191859827487699, 'depth': 5, 'l2_leaf_reg': 2.725910647933047, 'subsample': 0.7347676412370061}. Best is trial 12 with value: 37.258438934003884.
[I 2026-02-17 03:15:46,145] Trial 17 finished with value: 37.906201021058244 and parameters: {'iterations': 610, 'learning_rate': 0.02083490431339312, 'depth': 6, 'l2_leaf_reg': 3.2553304038606368, 'subsample': 0.6904539949940243}. Best is trial 12 with value: 37.258438934003884.
[I 2026-02-17 03:16:32,675] Trial 18 finished with value: 40.250341128919274 and parameters: {'iterations': 1106, 'learning_rate': 0.025186234132523154, 'depth': 4, 'l2_leaf_reg': 2.332586069044111, 'subsample': 0.8461873348711527}. Best is trial 12 with value: 37.258438934003884.
[I 2026-02-17 03:16:52,796] Trial 19 finished with value: 37.3229854769337 and parameters: {'iterations': 308, 'learning_rate': 0.0322156340294407, 'depth': 5, 'l2_leaf_reg': 5.923952273768954, 'subsample': 0.7710955531448184}. Best is trial 12 with value: 37.258438934003884.
[I 2026-02-17 03:17:15,759] Trial 20 finished with value: 37.47530236280379 and parameters: {'iterations': 338, 'learning_rate': 0.03269228091200886, 'depth': 5, 'l2_leaf_reg': 5.594445763814549, 'subsample': 0.7613668788096223}. Best is trial 12 with value: 37.258438934003884.
[I 2026-02-17 03:17:57,842] Trial 21 finished with value: 38.5619854867069 and parameters: {'iterations': 653, 'learning_rate': 0.031879193520896486, 'depth': 5, 'l2_leaf_reg': 5.458511361729188, 'subsample': 0.7368672273652435}. Best is trial 12 with value: 37.258438934003884.
[I 2026-02-17 03:18:18,612] Trial 22 finished with value: 37.23056017059223 and parameters: {'iterations': 310, 'learning_rate': 0.0249089025659209, 'depth': 5, 'l2_leaf_reg': 2.3946129232709614, 'subsample': 0.7753497191994074}. Best is trial 22 with value: 37.23056017059223.
[I 2026-02-17 03:18:40,174] Trial 23 finished with value: 37.195835640554236 and parameters: {'iterations': 304, 'learning_rate': 0.019571281953012623, 'depth': 5, 'l2_leaf_reg': 6.599964636666092, 'subsample': 0.7790890040067747}. Best is trial 23 with value: 37.195835640554236.
[I 2026-02-17 03:19:27,283] Trial 24 finished with value: 37.96399206305493 and parameters: {'iterations': 738, 'learning_rate': 0.01932552905142917, 'depth': 5, 'l2_leaf_reg': 3.4342637219135694, 'subsample': 0.7826607979127189}. Best is trial 23 with value: 37.195835640554236.
[I 2026-02-17 03:20:33,994] Trial 25 finished with value: 39.10738753412286 and parameters: {'iterations': 1051, 'learning_rate': 0.019523315950053643, 'depth': 5, 'l2_leaf_reg': 2.541683645163643, 'subsample': 0.8212838789724529}. Best is trial 23 with value: 37.195835640554236.
[I 2026-02-17 03:21:22,477] Trial 26 finished with value: 39.78721775044151 and parameters: {'iterations': 1185, 'learning_rate': 0.026403043550702245, 'depth': 4, 'l2_leaf_reg': 4.736592887994183, 'subsample': 0.7817069077318827}. Best is trial 23 with value: 37.195835640554236.
[I 2026-02-17 03:22:31,998] Trial 27 finished with value: 38.193503177769706 and parameters: {'iterations': 665, 'learning_rate': 0.02120675269867987, 'depth': 6, 'l2_leaf_reg': 2.394955083370117, 'subsample': 0.802450232642483}. Best is trial 23 with value: 37.195835640554236.
[I 2026-02-17 03:23:02,265] Trial 28 finished with value: 37.21661643047224 and parameters: {'iterations': 458, 'learning_rate': 0.018155581638283246, 'depth': 5, 'l2_leaf_reg': 6.782416010774936, 'subsample': 0.746062629411981}. Best is trial 23 with value: 37.195835640554236.
[I 2026-02-17 03:24:36,205] Trial 29 finished with value: 40.08491307177351 and parameters: {'iterations': 2309, 'learning_rate': 0.017702110925233504, 'depth': 4, 'l2_leaf_reg': 7.096344516147208, 'subsample': 0.7421410042231659}. Best is trial 23 with value: 37.195835640554236.
[I 2026-02-17 03:27:44,666] Trial 30 finished with value: 40.384392343656046 and parameters: {'iterations': 2989, 'learning_rate': 0.015016683457095267, 'depth': 5, 'l2_leaf_reg': 6.68018359650909, 'subsample': 0.7704724708453656}. Best is trial 23 with value: 37.195835640554236.
[I 2026-02-17 03:28:18,229] Trial 31 finished with value: 37.463913489099745 and parameters: {'iterations': 525, 'learning_rate': 0.02313690806258385, 'depth': 5, 'l2_leaf_reg': 6.557472269536014, 'subsample': 0.7458003049410685}. Best is trial 23 with value: 37.195835640554236.
[I 2026-02-17 03:28:39,594] Trial 32 finished with value: 37.1649581141557 and parameters: {'iterations': 314, 'learning_rate': 0.018220450991937687, 'depth': 5, 'l2_leaf_reg': 4.7957106634420095, 'subsample': 0.7541816907454831}. Best is trial 32 with value: 37.1649581141557.
[I 2026-02-17 03:29:15,748] Trial 33 finished with value: 37.30594304336916 and parameters: {'iterations': 513, 'learning_rate': 0.01845002995211229, 'depth': 5, 'l2_leaf_reg': 11.332429718029973, 'subsample': 0.756202264778276}. Best is trial 32 with value: 37.1649581141557.
[I 2026-02-17 03:30:05,823] Trial 34 finished with value: 38.094858103683315 and parameters: {'iterations': 769, 'learning_rate': 0.020537370607851213, 'depth': 5, 'l2_leaf_reg': 5.149106013605717, 'subsample': 0.7895086919630052}. Best is trial 32 with value: 37.1649581141557.
[I 2026-02-17 03:30:37,970] Trial 35 finished with value: 37.294987677360666 and parameters: {'iterations': 305, 'learning_rate': 0.016790773083145513, 'depth': 6, 'l2_leaf_reg': 4.515509618570772, 'subsample': 0.7698808123764838}. Best is trial 32 with value: 37.1649581141557.
